Mar 13, 2018 12:03:12 PM iam_services.Iam_services Error_logger
SEVERE: Check_new_files
java.lang.NumberFormatException: For input string: "ftp://speedtest.tele2.net/"
	at java.lang.NumberFormatException.forInputString(NumberFormatException.java:65)
	at java.lang.Integer.parseInt(Integer.java:580)
	at java.lang.Integer.parseInt(Integer.java:615)
	at iam_services.FTP_FileProcessing.Check_new_files(FTP_FileProcessing.java:39)
	at iam_services.FTP_FileProcessing.<init>(FTP_FileProcessing.java:31)
	at iam_services.Iam_services.check_files(Iam_services.java:253)
	at iam_services.Iam_services.doWork(Iam_services.java:79)
	at iam_services.Iam_services.main(Iam_services.java:62)

Mar 13, 2018 12:04:12 PM iam_services.Iam_services Error_logger
SEVERE: doWork
java.lang.Exception: Sytem system alive
	at iam_services.Iam_services.doWork(Iam_services.java:85)
	at iam_services.Iam_services.main(Iam_services.java:62)

Mar 13, 2018 12:04:12 PM iam_services.Iam_services Error_logger
SEVERE: Check_new_files
java.lang.NumberFormatException: For input string: "ftp://speedtest.tele2.net/"
	at java.lang.NumberFormatException.forInputString(NumberFormatException.java:65)
	at java.lang.Integer.parseInt(Integer.java:580)
	at java.lang.Integer.parseInt(Integer.java:615)
	at iam_services.FTP_FileProcessing.Check_new_files(FTP_FileProcessing.java:39)
	at iam_services.FTP_FileProcessing.<init>(FTP_FileProcessing.java:31)
	at iam_services.Iam_services.check_files(Iam_services.java:253)
	at iam_services.Iam_services.doWork(Iam_services.java:79)
	at iam_services.Iam_services.main(Iam_services.java:62)

Mar 13, 2018 12:05:12 PM iam_services.Iam_services Error_logger
SEVERE: doWork
java.lang.Exception: Sytem system alive
	at iam_services.Iam_services.doWork(Iam_services.java:85)
	at iam_services.Iam_services.main(Iam_services.java:62)

Mar 13, 2018 12:05:12 PM iam_services.Iam_services Error_logger
SEVERE: Check_new_files
java.lang.NumberFormatException: For input string: "ftp://speedtest.tele2.net/"
	at java.lang.NumberFormatException.forInputString(NumberFormatException.java:65)
	at java.lang.Integer.parseInt(Integer.java:580)
	at java.lang.Integer.parseInt(Integer.java:615)
	at iam_services.FTP_FileProcessing.Check_new_files(FTP_FileProcessing.java:39)
	at iam_services.FTP_FileProcessing.<init>(FTP_FileProcessing.java:31)
	at iam_services.Iam_services.check_files(Iam_services.java:253)
	at iam_services.Iam_services.doWork(Iam_services.java:79)
	at iam_services.Iam_services.main(Iam_services.java:62)

Mar 13, 2018 12:06:12 PM iam_services.Iam_services Error_logger
SEVERE: doWork
java.lang.Exception: Sytem system alive
	at iam_services.Iam_services.doWork(Iam_services.java:85)
	at iam_services.Iam_services.main(Iam_services.java:62)

Mar 13, 2018 12:06:12 PM iam_services.Iam_services Error_logger
SEVERE: Check_new_files
java.lang.NumberFormatException: For input string: "ftp://speedtest.tele2.net/"
	at java.lang.NumberFormatException.forInputString(NumberFormatException.java:65)
	at java.lang.Integer.parseInt(Integer.java:580)
	at java.lang.Integer.parseInt(Integer.java:615)
	at iam_services.FTP_FileProcessing.Check_new_files(FTP_FileProcessing.java:39)
	at iam_services.FTP_FileProcessing.<init>(FTP_FileProcessing.java:31)
	at iam_services.Iam_services.check_files(Iam_services.java:253)
	at iam_services.Iam_services.doWork(Iam_services.java:79)
	at iam_services.Iam_services.main(Iam_services.java:62)

<?xml version="1.0" encoding="UTF-8" standalone="no"?>
<!DOCTYPE log SYSTEM "logger.dtd">
<log>
</log>
<?xml version="1.0" encoding="UTF-8" standalone="no"?>
<!DOCTYPE log SYSTEM "logger.dtd">
<log>
</log>
<?xml version="1.0" encoding="UTF-8" standalone="no"?>
<!DOCTYPE log SYSTEM "logger.dtd">
<log>
</log>
<?xml version="1.0" encoding="UTF-8" standalone="no"?>
<!DOCTYPE log SYSTEM "logger.dtd">
<log>
</log>
Mar 13, 2018 12:31:20 PM iam_services.Iam_services Error_logger
SEVERE: doWork
java.lang.Exception: Sytem system alive
	at iam_services.Iam_services.doWork(Iam_services.java:85)
	at iam_services.Iam_services.main(Iam_services.java:62)

Mar 13, 2018 12:32:22 PM iam_services.Iam_services Error_logger
SEVERE: doWork
java.lang.Exception: Sytem system alive
	at iam_services.Iam_services.doWork(Iam_services.java:85)
	at iam_services.Iam_services.main(Iam_services.java:62)

Mar 13, 2018 12:33:23 PM iam_services.Iam_services Error_logger
SEVERE: doWork
java.lang.Exception: Sytem system alive
	at iam_services.Iam_services.doWork(Iam_services.java:85)
	at iam_services.Iam_services.main(Iam_services.java:62)

Mar 13, 2018 12:34:26 PM iam_services.Iam_services Error_logger
SEVERE: doWork
java.lang.Exception: Sytem system alive
	at iam_services.Iam_services.doWork(Iam_services.java:85)
	at iam_services.Iam_services.main(Iam_services.java:62)

Mar 13, 2018 1:13:09 PM iam_services.Iam_services Error_logger
SEVERE: doWork
java.lang.Exception: Sytem system alive
	at iam_services.Iam_services.doWork(Iam_services.java:85)
	at iam_services.Iam_services.main(Iam_services.java:62)

Mar 13, 2018 3:24:45 PM iam_services.Iam_services Error_logger
INFO: Connectiong to ftp server at test.rebex.net:21, with @username:demoand  @password:password
Mar 13, 2018 3:24:46 PM iam_services.Iam_services Error_logger
INFO: SERVER reply: 220 Microsoft FTP Service
Mar 13, 2018 3:24:47 PM iam_services.Iam_services Error_logger
INFO: SERVER reply: 230 User logged in.
Mar 13, 2018 3:24:47 PM iam_services.Iam_services Error_logger
INFO: Now connected to ftp server successfully
Mar 13, 2018 3:24:48 PM iam_services.Iam_services Error_logger
INFO: readme.txt has been downloaded successfully.
Mar 13, 2018 3:24:49 PM iam_services.Iam_services Error_logger
INFO: 0 new Files found
Mar 13, 2018 3:25:49 PM iam_services.Iam_services Error_logger
INFO: Sytem system alive
Mar 13, 2018 3:25:49 PM iam_services.Iam_services Error_logger
INFO: Connectiong to ftp server at test.rebex.net:21, with @username:demoand  @password:password
Mar 13, 2018 3:25:49 PM iam_services.Iam_services Error_logger
INFO: SERVER reply: 220 Microsoft FTP Service
Mar 13, 2018 3:25:50 PM iam_services.Iam_services Error_logger
INFO: SERVER reply: 230 User logged in.
Mar 13, 2018 3:25:50 PM iam_services.Iam_services Error_logger
INFO: Now connected to ftp server successfully
Mar 13, 2018 3:25:51 PM iam_services.Iam_services Error_logger
INFO: readme.txt has been downloaded successfully.
Mar 13, 2018 3:25:52 PM iam_services.Iam_services Error_logger
INFO: 0 new Files found
Mar 13, 2018 3:39:40 PM iam_services.Iam_services Error_logger
INFO: Connectiong to ftp server at test.rebex.net:21, with @username:demo &  @password:password
Mar 13, 2018 3:39:41 PM iam_services.Iam_services Error_logger
INFO: SERVER reply: 220 Microsoft FTP Service
Mar 13, 2018 3:39:41 PM iam_services.Iam_services Error_logger
INFO: SERVER reply: 230 User logged in.
Mar 13, 2018 3:39:41 PM iam_services.Iam_services Error_logger
INFO: Now connected to ftp server successfully
Mar 13, 2018 3:39:42 PM iam_services.Iam_services Error_logger
INFO: readme.txt has been downloaded successfully.
Mar 13, 2018 3:39:42 PM iam_services.Iam_services Error_logger
INFO: 0 new Files found
Mar 13, 2018 3:41:44 PM iam_services.Iam_services Error_logger
INFO: Connectiong to ftp server at test.rebex.net:21, with @username:demo &  @password:password
Mar 13, 2018 3:41:45 PM iam_services.Iam_services Error_logger
INFO: SERVER reply: 220 Microsoft FTP Service
Mar 13, 2018 3:41:45 PM iam_services.Iam_services Error_logger
INFO: SERVER reply: 230 User logged in.
Mar 13, 2018 3:41:45 PM iam_services.Iam_services Error_logger
INFO: Now connected to ftp server successfully
Mar 13, 2018 3:41:47 PM iam_services.Iam_services Error_logger
INFO: readme.txt has been downloaded successfully.
Mar 13, 2018 3:41:47 PM iam_services.Iam_services Error_logger
INFO: readme.txt-> File could not be relocated on server
Mar 13, 2018 3:41:47 PM iam_services.Iam_services Error_logger
INFO: 0 new Files found
