Mar 21, 2018 9:23:20 AM iam_services.Iam_services Error_logger
INFO: Connection succeeded, hurray!
Mar 21, 2018 9:23:20 AM iam_services.Iam_services Error_logger
INFO: cols:(RCVPRN,DOCREL,SNDPRT,SNDPOR,MESTYP,RCVPRT,RCVPOR,DOCNUM,SNDPRN,TABNAM,MANDT,STATUS,IDOCTYP,CREDAT,STDMES,CRETIM,DIRECT) 
vals:(?,?,?,?,?,?,?,?,?,?,?,?,?,?,?,?,?)
Mar 21, 2018 9:23:20 AM iam_services.Iam_services Error_logger
INFO: Connection succeeded, hurray!
Mar 21, 2018 9:23:20 AM iam_services.Iam_services Error_logger
INFO: cols:(CHARG,KOSTL,LGORT,MENGE,QUALVORG,GRUND,SAKNR,QUALARTNR,MEINH,BEWART,VFDAT,ARTNR) 
vals:(?,?,?,?,?,?,?,?,?,?,?,?)
Mar 21, 2018 9:23:20 AM iam_services.Iam_services Error_logger
INFO: Connection succeeded, hurray!
Mar 21, 2018 9:23:20 AM iam_services.Iam_services Error_logger
INFO: cols:(BONNUMMER,BELEGDATUM) 
vals:(?,?)
Mar 21, 2018 9:23:21 AM iam_services.Iam_services Error_logger
INFO: Empty data for IDOC
Mar 21, 2018 9:23:21 AM iam_services.Iam_services Error_logger
INFO: Empty data for WPUWBW01
Mar 21, 2018 9:23:21 AM iam_services.Iam_services Error_logger
INFO: Empty data for #document
Mar 21, 2018 9:33:53 AM iam_services.Iam_services Error_logger
INFO: Connection succeeded, hurray!
Mar 21, 2018 9:33:53 AM iam_services.Iam_services Error_logger
INFO: cols:(CHARG,KOSTL,LGORT,MENGE,QUALVORG,GRUND,SAKNR,QUALARTNR,MEINH,BEWART,VFDAT,ARTNR) 
vals:(?,?,?,?,?,?,?,?,?,?,?,?)
Mar 21, 2018 9:33:53 AM iam_services.Iam_services Error_logger
INFO: Connection succeeded, hurray!
Mar 21, 2018 9:33:53 AM iam_services.Iam_services Error_logger
INFO: cols:(BONNUMMER,BELEGDATUM) 
vals:(?,?)
Mar 21, 2018 9:33:53 AM iam_services.Iam_services Error_logger
INFO: Empty data for IDOC
Mar 21, 2018 9:33:53 AM iam_services.Iam_services Error_logger
INFO: Empty data for WPUWBW01
Mar 21, 2018 9:33:53 AM iam_services.Iam_services Error_logger
INFO: Empty data for #document
Mar 21, 2018 9:43:06 AM iam_services.Iam_services Error_logger
INFO: Connection succeeded, hurray!
Mar 21, 2018 9:43:06 AM iam_services.Iam_services Error_logger
INFO: cols:(RCVPRN,DOCREL,SNDPRT,SNDPOR,MESTYP,RCVPRT,RCVPOR,DOCNUM,SNDPRN,TABNAM,MANDT,STATUS,IDOCTYP,CREDAT,STDMES,CRETIM,DIRECT) 
vals: VALUES(?,?,?,?,?,?,?,?,?,?,?,?,?,?,?,?,?)
Mar 21, 2018 9:43:06 AM iam_services.Iam_services Error_logger
INFO: Connection succeeded, hurray!
Mar 21, 2018 9:43:06 AM iam_services.Iam_services Error_logger
INFO: cols:(CHARG,KOSTL,LGORT,MENGE,QUALVORG,GRUND,SAKNR,QUALARTNR,MEINH,BEWART,VFDAT,ARTNR) 
vals: VALUES(?,?,?,?,?,?,?,?,?,?,?,?)
Mar 21, 2018 9:43:06 AM iam_services.Iam_services Error_logger
INFO: Connection succeeded, hurray!
Mar 21, 2018 9:43:06 AM iam_services.Iam_services Error_logger
INFO: cols:(BONNUMMER,BELEGDATUM) 
vals: VALUES(?,?)
Mar 21, 2018 9:43:06 AM iam_services.Iam_services Error_logger
INFO: Empty data for IDOC
Mar 21, 2018 9:43:06 AM iam_services.Iam_services Error_logger
INFO: Empty data for WPUWBW01
Mar 21, 2018 9:43:06 AM iam_services.Iam_services Error_logger
INFO: Empty data for #document
Mar 21, 2018 9:54:10 AM iam_services.Iam_services Error_logger
INFO: Connection succeeded, hurray!
Mar 21, 2018 9:54:10 AM iam_services.Iam_services Error_logger
INFO: Query->SELECT * FROM CNB_IAM_IN_E1WPG01
Mar 21, 2018 9:54:10 AM iam_services.Iam_services Error_logger
INFO: Query->SELECT * FROM CNB_IAM_IN_E1WPG02 WHERE  BONNUMMER=? 
Mar 21, 2018 9:54:10 AM iam_services.Iam_services Error_logger
INFO: Empty sub-records
Mar 21, 2018 9:58:04 AM iam_services.Iam_services Error_logger
INFO: Connection succeeded, hurray!
Mar 21, 2018 9:58:04 AM iam_services.Iam_services Error_logger
INFO: Query->SELECT * FROM CNB_IAM_IN_E1WPG01
Mar 21, 2018 9:58:04 AM iam_services.Iam_services Error_logger
INFO: Query->SELECT * FROM CNB_IAM_IN_E1WPG02 WHERE  BONNUMMER=? 
Mar 21, 2018 9:58:04 AM iam_services.Iam_services Error_logger
INFO: Empty sub-records
Mar 21, 2018 10:08:06 AM iam_services.Iam_services Error_logger
INFO: Connection succeeded, hurray!
Mar 21, 2018 10:08:06 AM iam_services.Iam_services Error_logger
INFO: Query->SELECT * FROM CNB_IAM_IN_E1WPG01
Mar 21, 2018 10:08:06 AM iam_services.Iam_services Error_logger
INFO: Query->SELECT * FROM CNB_IAM_IN_E1WPG02 WHERE  BONNUMMER=? 
Mar 21, 2018 10:08:06 AM iam_services.Iam_services Error_logger
INFO: Empty sub-records
Mar 21, 2018 10:10:47 AM iam_services.Iam_services Error_logger
INFO: Connection succeeded, hurray!
Mar 21, 2018 10:10:47 AM iam_services.Iam_services Error_logger
INFO: Query->SELECT * FROM CNB_IAM_IN_E1WPG01
Mar 21, 2018 10:10:47 AM iam_services.Iam_services Error_logger
INFO: Query->SELECT * FROM CNB_IAM_IN_E1WPG02 WHERE  BONNUMMER=? 
Mar 21, 2018 10:11:32 AM iam_services.Iam_services Error_logger
INFO: Connection succeeded, hurray!
Mar 21, 2018 10:11:32 AM iam_services.Iam_services Error_logger
INFO: Query->SELECT * FROM CNB_IAM_IN_E1WPG01
Mar 21, 2018 10:11:32 AM iam_services.Iam_services Error_logger
INFO: Query->SELECT * FROM CNB_IAM_IN_E1WPG02 WHERE  BONNUMMER=? 
Mar 21, 2018 10:14:02 AM iam_services.Iam_services Error_logger
INFO: Connection succeeded, hurray!
Mar 21, 2018 10:14:02 AM iam_services.Iam_services Error_logger
INFO: Query->SELECT * FROM CNB_IAM_IN_E1WPG01
Mar 21, 2018 10:14:02 AM iam_services.Iam_services Error_logger
INFO: Query->SELECT * FROM CNB_IAM_IN_E1WPG02 WHERE  BONNUMMER=? 
Mar 21, 2018 10:16:04 AM iam_services.Iam_services Error_logger
INFO: Connection succeeded, hurray!
Mar 21, 2018 10:16:04 AM iam_services.Iam_services Error_logger
INFO: Query->SELECT * FROM CNB_IAM_IN_E1WPG01
Mar 21, 2018 10:16:04 AM iam_services.Iam_services Error_logger
INFO: Query->SELECT * FROM CNB_IAM_IN_E1WPG02 WHERE  BONNUMMER=? 
Mar 21, 2018 10:16:49 AM iam_services.Iam_services Error_logger
INFO: Connection succeeded, hurray!
Mar 21, 2018 10:16:49 AM iam_services.Iam_services Error_logger
INFO: Query->SELECT * FROM CNB_IAM_IN_E1WPG01
Mar 21, 2018 10:16:49 AM iam_services.Iam_services Error_logger
INFO: Query->SELECT * FROM CNB_IAM_IN_E1WPG02 WHERE  BONNUMMER=? 
Mar 21, 2018 10:41:11 AM iam_services.Iam_services Error_logger
INFO: Connection succeeded, hurray!
Mar 21, 2018 10:41:11 AM iam_services.Iam_services Error_logger
INFO: Query->SELECT * FROM CNB_IAM_IN_E1WPG01
Mar 21, 2018 10:41:11 AM iam_services.Iam_services Error_logger
INFO: Query->SELECT * FROM CNB_IAM_IN_E1WPG02 WHERE  BONNUMMER=? 
Mar 21, 2018 10:48:04 AM iam_services.Iam_services Error_logger
INFO: Connection succeeded, hurray!
Mar 21, 2018 10:48:04 AM iam_services.Iam_services Error_logger
INFO: Query->SELECT * FROM CNB_IAM_IN_E1WPG01 AND CONVERT(DATE, [DATE_STAMP]) = CONVERT(DATE, CURRENT_TIMESTAMP);
Mar 21, 2018 10:48:05 AM iam_services.Iam_services Error_logger
INFO: Empty records
Mar 21, 2018 10:49:11 AM iam_services.Iam_services Error_logger
INFO: Connection succeeded, hurray!
Mar 21, 2018 10:49:11 AM iam_services.Iam_services Error_logger
INFO: Query->SELECT * FROM CNB_IAM_IN_E1WPG01 WHERE CONVERT(DATE, [DATE_STAMP]) = CONVERT(DATE, CURRENT_TIMESTAMP);
Mar 21, 2018 10:49:11 AM iam_services.Iam_services Error_logger
INFO: Query->SELECT * FROM CNB_IAM_IN_E1WPG02 WHERE  BONNUMMER=? 
Mar 21, 2018 11:07:24 AM iam_services.Iam_services Error_logger
INFO: Connection succeeded, hurray!
Mar 21, 2018 11:07:24 AM iam_services.Iam_services Error_logger
INFO: Query->SELECT * FROM CNB_IAM_IN_E1WPG01 WHERE CONVERT(DATE, [DATE_STAMP]) = CONVERT(DATE, CURRENT_TIMESTAMP);
Mar 21, 2018 11:07:24 AM iam_services.Iam_services Error_logger
INFO: Query->SELECT * FROM CNB_IAM_IN_E1WPG02 WHERE  BONNUMMER=? 
Mar 21, 2018 11:07:47 AM iam_services.Iam_services Error_logger
INFO: Connection succeeded, hurray!
Mar 21, 2018 11:07:47 AM iam_services.Iam_services Error_logger
INFO: cols:(RCVPRN,DOCREL,SNDPRT,SNDPOR,MESTYP,RCVPRT,RCVPOR,DOCNUM,SNDPRN,TABNAM,MANDT,STATUS,IDOCTYP,CREDAT,STDMES,CRETIM,DIRECT) 
vals: VALUES(?,?,?,?,?,?,?,?,?,?,?,?,?,?,?,?,?)
Mar 21, 2018 11:07:47 AM iam_services.Iam_services Error_logger
INFO: Connection succeeded, hurray!
Mar 21, 2018 11:07:47 AM iam_services.Iam_services Error_logger
INFO: cols:(CHARG,KOSTL,LGORT,MENGE,QUALVORG,GRUND,SAKNR,QUALARTNR,MEINH,BEWART,VFDAT,ARTNR) 
vals: VALUES(?,?,?,?,?,?,?,?,?,?,?,?)
Mar 21, 2018 11:07:47 AM iam_services.Iam_services Error_logger
INFO: Connection succeeded, hurray!
Mar 21, 2018 11:07:47 AM iam_services.Iam_services Error_logger
INFO: cols:(BONNUMMER,BELEGDATUM) 
vals: VALUES(?,?)
Mar 21, 2018 11:07:47 AM iam_services.Iam_services Error_logger
INFO: Empty data for IDOC
Mar 21, 2018 11:07:47 AM iam_services.Iam_services Error_logger
INFO: Empty data for WPUWBW01
Mar 21, 2018 11:07:47 AM iam_services.Iam_services Error_logger
INFO: Empty data for #document
Mar 21, 2018 11:08:09 AM iam_services.Iam_services Error_logger
INFO: Connection succeeded, hurray!
Mar 21, 2018 11:08:09 AM iam_services.Iam_services Error_logger
INFO: Query->SELECT * FROM CNB_IAM_IN_E1WPG01 WHERE CONVERT(DATE, [DATE_STAMP]) = CONVERT(DATE, CURRENT_TIMESTAMP);
Mar 21, 2018 11:08:10 AM iam_services.Iam_services Error_logger
INFO: Query->SELECT * FROM CNB_IAM_IN_E1WPG02 WHERE  BONNUMMER=? 
Mar 21, 2018 11:08:10 AM iam_services.Iam_services Error_logger
INFO: Query->SELECT * FROM CNB_IAM_IN_E1WPG02 WHERE  BONNUMMER=? 
Mar 21, 2018 11:26:50 AM iam_services.Iam_services Error_logger
INFO: Connection succeeded, hurray!
Mar 21, 2018 11:26:50 AM iam_services.Iam_services Error_logger
INFO: cols:(Salesman,DocAmt,ProfitCenter,BusinessArea,ItemText,Resvi1,GlAccount,Resvi2,CompCode,CostCenter,PostingKey,PayTerms,IntOrder,RefKey1,AssignNo,CreditControl,RefKey3,RefKey2) 
vals: VALUES(?,?,?,?,?,?,?,?,?,?,?,?,?,?,?,?,?,?)
Mar 21, 2018 11:26:50 AM iam_services.Iam_services Error_logger
INFO: Connection succeeded, hurray!
Mar 21, 2018 11:26:50 AM iam_services.Iam_services Error_logger
INFO: cols:(Salesman,DocAmt,ProfitCenter,BusinessArea,ItemText,Resvi1,GlAccount,Resvi2,CompCode,CostCenter,PostingKey,PayTerms,IntOrder,RefKey1,AssignNo,CreditControl,RefKey3,RefKey2) 
vals: VALUES(?,?,?,?,?,?,?,?,?,?,?,?,?,?,?,?,?,?)
Mar 21, 2018 11:26:50 AM iam_services.Iam_services Error_logger
INFO: Connection succeeded, hurray!
Mar 21, 2018 11:26:50 AM iam_services.Iam_services Error_logger
INFO: cols:(DocDate,RefNo,FiscalYr,FiscalPd,Resvh1,HeadTxt,CompCode,Resvh2,SNo,Currency,PostDate,ExcRate,DocType) 
vals: VALUES(?,?,?,?,?,?,?,?,?,?,?,?,?)
Mar 21, 2018 11:26:50 AM iam_services.Iam_services Error_logger
INFO: Connection succeeded, hurray!
Mar 21, 2018 11:26:50 AM iam_services.Iam_services Error_logger
INFO: cols:(Salesman,DocAmt,ProfitCenter,BusinessArea,ItemText,Resvi1,GlAccount,Resvi2,CompCode,CostCenter,PostingKey,PayTerms,IntOrder,RefKey1,AssignNo,CreditControl,RefKey3,RefKey2) 
vals: VALUES(?,?,?,?,?,?,?,?,?,?,?,?,?,?,?,?,?,?)
Mar 21, 2018 11:26:50 AM iam_services.Iam_services Error_logger
INFO: Connection succeeded, hurray!
Mar 21, 2018 11:26:50 AM iam_services.Iam_services Error_logger
INFO: cols:(Salesman,DocAmt,ProfitCenter,BusinessArea,ItemText,Resvi1,GlAccount,Resvi2,CompCode,CostCenter,PostingKey,PayTerms,IntOrder,RefKey1,AssignNo,CreditControl,RefKey3,RefKey2) 
vals: VALUES(?,?,?,?,?,?,?,?,?,?,?,?,?,?,?,?,?,?)
Mar 21, 2018 11:26:50 AM iam_services.Iam_services Error_logger
INFO: Connection succeeded, hurray!
Mar 21, 2018 11:26:50 AM iam_services.Iam_services Error_logger
INFO: cols:(DocDate,RefNo,FiscalYr,FiscalPd,Resvh1,HeadTxt,CompCode,Resvh2,SNo,Currency,PostDate,ExcRate,DocType) 
vals: VALUES(?,?,?,?,?,?,?,?,?,?,?,?,?)
Mar 21, 2018 11:26:50 AM iam_services.Iam_services Error_logger
INFO: Connection succeeded, hurray!
Mar 21, 2018 11:26:50 AM iam_services.Iam_services Error_logger
INFO: cols:(Salesman,DocAmt,ProfitCenter,BusinessArea,ItemText,Resvi1,GlAccount,Resvi2,CompCode,CostCenter,PostingKey,PayTerms,IntOrder,RefKey1,AssignNo,CreditControl,RefKey3,RefKey2) 
vals: VALUES(?,?,?,?,?,?,?,?,?,?,?,?,?,?,?,?,?,?)
Mar 21, 2018 11:26:50 AM iam_services.Iam_services Error_logger
INFO: Connection succeeded, hurray!
Mar 21, 2018 11:26:50 AM iam_services.Iam_services Error_logger
INFO: cols:(Salesman,DocAmt,ProfitCenter,BusinessArea,ItemText,Resvi1,GlAccount,Resvi2,CompCode,CostCenter,PostingKey,PayTerms,IntOrder,RefKey1,AssignNo,CreditControl,RefKey3,RefKey2) 
vals: VALUES(?,?,?,?,?,?,?,?,?,?,?,?,?,?,?,?,?,?)
Mar 21, 2018 11:26:51 AM iam_services.Iam_services Error_logger
INFO: Connection succeeded, hurray!
Mar 21, 2018 11:26:51 AM iam_services.Iam_services Error_logger
INFO: cols:(DocDate,RefNo,FiscalYr,FiscalPd,Resvh1,HeadTxt,CompCode,Resvh2,SNo,Currency,PostDate,ExcRate,DocType) 
vals: VALUES(?,?,?,?,?,?,?,?,?,?,?,?,?)
Mar 21, 2018 11:26:51 AM iam_services.Iam_services Error_logger
INFO: Empty data for ns1:MT_POS_FIUpload
Mar 21, 2018 11:26:51 AM iam_services.Iam_services Error_logger
INFO: Empty data for #document
Mar 21, 2018 11:32:35 AM iam_services.Iam_services Error_logger
INFO: Connection succeeded, hurray!
Mar 21, 2018 11:32:35 AM iam_services.Iam_services Error_logger
INFO: cols:(Salesman,DocAmt,ProfitCenter,BusinessArea,ItemText,Resvi1,GlAccount,Resvi2,CompCode,CostCenter,PostingKey,PayTerms,IntOrder,RefKey1,AssignNo,CreditControl,RefKey3,RefKey2) 
vals: VALUES(?,?,?,?,?,?,?,?,?,?,?,?,?,?,?,?,?,?)
Mar 21, 2018 11:32:35 AM iam_services.Iam_services Error_logger
INFO: Connection succeeded, hurray!
Mar 21, 2018 11:32:35 AM iam_services.Iam_services Error_logger
INFO: cols:(Salesman,DocAmt,ProfitCenter,BusinessArea,ItemText,Resvi1,GlAccount,Resvi2,CompCode,CostCenter,PostingKey,PayTerms,IntOrder,RefKey1,AssignNo,CreditControl,RefKey3,RefKey2) 
vals: VALUES(?,?,?,?,?,?,?,?,?,?,?,?,?,?,?,?,?,?)
Mar 21, 2018 11:32:35 AM iam_services.Iam_services Error_logger
INFO: Connection succeeded, hurray!
Mar 21, 2018 11:32:35 AM iam_services.Iam_services Error_logger
INFO: cols:(DocDate,RefNo,FiscalYr,FiscalPd,Resvh1,HeadTxt,CompCode,Resvh2,SNo,Currency,PostDate,ExcRate,DocType) 
vals: VALUES(?,?,?,?,?,?,?,?,?,?,?,?,?)
Mar 21, 2018 11:32:35 AM iam_services.Iam_services Error_logger
INFO: Connection succeeded, hurray!
Mar 21, 2018 11:32:35 AM iam_services.Iam_services Error_logger
INFO: cols:(Salesman,DocAmt,ProfitCenter,BusinessArea,ItemText,Resvi1,GlAccount,Resvi2,CompCode,CostCenter,PostingKey,PayTerms,IntOrder,RefKey1,AssignNo,CreditControl,RefKey3,RefKey2) 
vals: VALUES(?,?,?,?,?,?,?,?,?,?,?,?,?,?,?,?,?,?)
Mar 21, 2018 11:32:35 AM iam_services.Iam_services Error_logger
INFO: Connection succeeded, hurray!
Mar 21, 2018 11:32:35 AM iam_services.Iam_services Error_logger
INFO: cols:(Salesman,DocAmt,ProfitCenter,BusinessArea,ItemText,Resvi1,GlAccount,Resvi2,CompCode,CostCenter,PostingKey,PayTerms,IntOrder,RefKey1,AssignNo,CreditControl,RefKey3,RefKey2) 
vals: VALUES(?,?,?,?,?,?,?,?,?,?,?,?,?,?,?,?,?,?)
Mar 21, 2018 11:32:35 AM iam_services.Iam_services Error_logger
INFO: Connection succeeded, hurray!
Mar 21, 2018 11:32:35 AM iam_services.Iam_services Error_logger
INFO: cols:(DocDate,RefNo,FiscalYr,FiscalPd,Resvh1,HeadTxt,CompCode,Resvh2,SNo,Currency,PostDate,ExcRate,DocType) 
vals: VALUES(?,?,?,?,?,?,?,?,?,?,?,?,?)
Mar 21, 2018 11:32:35 AM iam_services.Iam_services Error_logger
INFO: Connection succeeded, hurray!
Mar 21, 2018 11:32:35 AM iam_services.Iam_services Error_logger
INFO: cols:(Salesman,DocAmt,ProfitCenter,BusinessArea,ItemText,Resvi1,GlAccount,Resvi2,CompCode,CostCenter,PostingKey,PayTerms,IntOrder,RefKey1,AssignNo,CreditControl,RefKey3,RefKey2) 
vals: VALUES(?,?,?,?,?,?,?,?,?,?,?,?,?,?,?,?,?,?)
Mar 21, 2018 11:32:35 AM iam_services.Iam_services Error_logger
INFO: Connection succeeded, hurray!
Mar 21, 2018 11:32:35 AM iam_services.Iam_services Error_logger
INFO: cols:(Salesman,DocAmt,ProfitCenter,BusinessArea,ItemText,Resvi1,GlAccount,Resvi2,CompCode,CostCenter,PostingKey,PayTerms,IntOrder,RefKey1,AssignNo,CreditControl,RefKey3,RefKey2) 
vals: VALUES(?,?,?,?,?,?,?,?,?,?,?,?,?,?,?,?,?,?)
Mar 21, 2018 11:32:36 AM iam_services.Iam_services Error_logger
INFO: Connection succeeded, hurray!
Mar 21, 2018 11:32:36 AM iam_services.Iam_services Error_logger
INFO: cols:(DocDate,RefNo,FiscalYr,FiscalPd,Resvh1,HeadTxt,CompCode,Resvh2,SNo,Currency,PostDate,ExcRate,DocType) 
vals: VALUES(?,?,?,?,?,?,?,?,?,?,?,?,?)
Mar 21, 2018 11:32:36 AM iam_services.Iam_services Error_logger
INFO: Empty data for ns1:MT_POS_FIUpload
Mar 21, 2018 11:32:36 AM iam_services.Iam_services Error_logger
INFO: Empty data for #document
Mar 21, 2018 11:36:43 AM iam_services.Iam_services Error_logger
INFO: Connection succeeded, hurray!
Mar 21, 2018 11:36:43 AM iam_services.Iam_services Error_logger
INFO: cols:(Salesman,DocAmt,ProfitCenter,BusinessArea,ItemText,Resvi1,GlAccount,Resvi2,CompCode,CostCenter,PostingKey,PayTerms,IntOrder,RefKey1,AssignNo,CreditControl,RefKey3,RefKey2) 
vals: VALUES(?,?,?,?,?,?,?,?,?,?,?,?,?,?,?,?,?,?)
Mar 21, 2018 11:36:43 AM iam_services.Iam_services Error_logger
INFO: Connection succeeded, hurray!
Mar 21, 2018 11:36:43 AM iam_services.Iam_services Error_logger
INFO: cols:(Salesman,DocAmt,ProfitCenter,BusinessArea,ItemText,Resvi1,GlAccount,Resvi2,CompCode,CostCenter,PostingKey,PayTerms,IntOrder,RefKey1,AssignNo,CreditControl,RefKey3,RefKey2) 
vals: VALUES(?,?,?,?,?,?,?,?,?,?,?,?,?,?,?,?,?,?)
Mar 21, 2018 11:36:43 AM iam_services.Iam_services Error_logger
INFO: Connection succeeded, hurray!
Mar 21, 2018 11:36:43 AM iam_services.Iam_services Error_logger
INFO: cols:(DocDate,RefNo,FiscalYr,FiscalPd,Resvh1,HeadTxt,CompCode,Resvh2,SNo,Currency,PostDate,ExcRate,DocType) 
vals: VALUES(?,?,?,?,?,?,?,?,?,?,?,?,?)
Mar 21, 2018 11:36:43 AM iam_services.Iam_services Error_logger
INFO: Connection succeeded, hurray!
Mar 21, 2018 11:36:43 AM iam_services.Iam_services Error_logger
INFO: cols:(Salesman,DocAmt,ProfitCenter,BusinessArea,ItemText,Resvi1,GlAccount,Resvi2,CompCode,CostCenter,PostingKey,PayTerms,IntOrder,RefKey1,AssignNo,CreditControl,RefKey3,RefKey2,SNo) 
vals: VALUES(?,?,?,?,?,?,?,?,?,?,?,?,?,?,?,?,?,?,?)
Mar 21, 2018 11:36:43 AM iam_services.Iam_services Error_logger
INFO: Connection succeeded, hurray!
Mar 21, 2018 11:36:43 AM iam_services.Iam_services Error_logger
INFO: cols:(Salesman,DocAmt,ProfitCenter,BusinessArea,ItemText,Resvi1,GlAccount,Resvi2,CompCode,CostCenter,PostingKey,PayTerms,IntOrder,RefKey1,AssignNo,CreditControl,RefKey3,RefKey2,SNo) 
vals: VALUES(?,?,?,?,?,?,?,?,?,?,?,?,?,?,?,?,?,?,?)
Mar 21, 2018 11:36:43 AM iam_services.Iam_services Error_logger
INFO: Connection succeeded, hurray!
Mar 21, 2018 11:36:43 AM iam_services.Iam_services Error_logger
INFO: cols:(DocDate,RefNo,FiscalYr,FiscalPd,Resvh1,HeadTxt,CompCode,Resvh2,SNo,Currency,PostDate,ExcRate,DocType,SNo) 
vals: VALUES(?,?,?,?,?,?,?,?,?,?,?,?,?,?)
Mar 21, 2018 11:36:43 AM iam_services.Iam_services Error_logger
INFO: Connection succeeded, hurray!
Mar 21, 2018 11:36:43 AM iam_services.Iam_services Error_logger
INFO: cols:(Salesman,DocAmt,ProfitCenter,BusinessArea,ItemText,Resvi1,GlAccount,Resvi2,CompCode,CostCenter,PostingKey,PayTerms,IntOrder,RefKey1,AssignNo,CreditControl,RefKey3,RefKey2,SNo) 
vals: VALUES(?,?,?,?,?,?,?,?,?,?,?,?,?,?,?,?,?,?,?)
Mar 21, 2018 11:36:43 AM iam_services.Iam_services Error_logger
INFO: Connection succeeded, hurray!
Mar 21, 2018 11:36:43 AM iam_services.Iam_services Error_logger
INFO: cols:(Salesman,DocAmt,ProfitCenter,BusinessArea,ItemText,Resvi1,GlAccount,Resvi2,CompCode,CostCenter,PostingKey,PayTerms,IntOrder,RefKey1,AssignNo,CreditControl,RefKey3,RefKey2,SNo) 
vals: VALUES(?,?,?,?,?,?,?,?,?,?,?,?,?,?,?,?,?,?,?)
Mar 21, 2018 11:36:43 AM iam_services.Iam_services Error_logger
INFO: Connection succeeded, hurray!
Mar 21, 2018 11:36:43 AM iam_services.Iam_services Error_logger
INFO: cols:(DocDate,RefNo,FiscalYr,FiscalPd,Resvh1,HeadTxt,CompCode,Resvh2,SNo,Currency,PostDate,ExcRate,DocType,SNo) 
vals: VALUES(?,?,?,?,?,?,?,?,?,?,?,?,?,?)
Mar 21, 2018 11:36:43 AM iam_services.Iam_services Error_logger
INFO: Empty data for ns1:MT_POS_FIUpload
Mar 21, 2018 11:36:43 AM iam_services.Iam_services Error_logger
INFO: Empty data for #document
Mar 21, 2018 11:42:19 AM iam_services.Iam_services Error_logger
INFO: Connection succeeded, hurray!
Mar 21, 2018 11:42:19 AM iam_services.Iam_services Error_logger
INFO: cols:(Salesman,DocAmt,ProfitCenter,BusinessArea,ItemText,Resvi1,GlAccount,Resvi2,CompCode,CostCenter,PostingKey,PayTerms,IntOrder,RefKey1,AssignNo,CreditControl,RefKey3,RefKey2) 
vals: VALUES(?,?,?,?,?,?,?,?,?,?,?,?,?,?,?,?,?,?)
Mar 21, 2018 11:42:19 AM iam_services.Iam_services Error_logger
INFO: Connection succeeded, hurray!
Mar 21, 2018 11:42:19 AM iam_services.Iam_services Error_logger
INFO: cols:(Salesman,DocAmt,ProfitCenter,BusinessArea,ItemText,Resvi1,GlAccount,Resvi2,CompCode,CostCenter,PostingKey,PayTerms,IntOrder,RefKey1,AssignNo,CreditControl,RefKey3,RefKey2) 
vals: VALUES(?,?,?,?,?,?,?,?,?,?,?,?,?,?,?,?,?,?)
Mar 21, 2018 11:42:19 AM iam_services.Iam_services Error_logger
INFO: Connection succeeded, hurray!
Mar 21, 2018 11:42:19 AM iam_services.Iam_services Error_logger
INFO: cols:(DocDate,RefNo,FiscalYr,FiscalPd,Resvh1,HeadTxt,CompCode,Resvh2,SNo,Currency,PostDate,ExcRate,DocType) 
vals: VALUES(?,?,?,?,?,?,?,?,?,?,?,?,?)
Mar 21, 2018 11:42:19 AM iam_services.Iam_services Error_logger
INFO: Connection succeeded, hurray!
Mar 21, 2018 11:42:19 AM iam_services.Iam_services Error_logger
INFO: cols:(Salesman,DocAmt,ProfitCenter,BusinessArea,ItemText,Resvi1,GlAccount,Resvi2,CompCode,CostCenter,PostingKey,PayTerms,IntOrder,RefKey1,AssignNo,CreditControl,RefKey3,RefKey2,SNo) 
vals: VALUES(?,?,?,?,?,?,?,?,?,?,?,?,?,?,?,?,?,?,?)
Mar 21, 2018 11:42:19 AM iam_services.Iam_services Error_logger
INFO: Connection succeeded, hurray!
Mar 21, 2018 11:42:19 AM iam_services.Iam_services Error_logger
INFO: cols:(Salesman,DocAmt,ProfitCenter,BusinessArea,ItemText,Resvi1,GlAccount,Resvi2,CompCode,CostCenter,PostingKey,PayTerms,IntOrder,RefKey1,AssignNo,CreditControl,RefKey3,RefKey2,SNo) 
vals: VALUES(?,?,?,?,?,?,?,?,?,?,?,?,?,?,?,?,?,?,?)
Mar 21, 2018 11:42:19 AM iam_services.Iam_services Error_logger
INFO: Connection succeeded, hurray!
Mar 21, 2018 11:42:19 AM iam_services.Iam_services Error_logger
INFO: cols:(DocDate,RefNo,FiscalYr,FiscalPd,Resvh1,HeadTxt,CompCode,Resvh2,SNo,Currency,PostDate,ExcRate,DocType,SNo) 
vals: VALUES(?,?,?,?,?,?,?,?,?,?,?,?,?,?)
Mar 21, 2018 11:42:19 AM iam_services.Iam_services Error_logger
INFO: Connection succeeded, hurray!
Mar 21, 2018 11:42:19 AM iam_services.Iam_services Error_logger
INFO: cols:(Salesman,DocAmt,ProfitCenter,BusinessArea,ItemText,Resvi1,GlAccount,Resvi2,CompCode,CostCenter,PostingKey,PayTerms,IntOrder,RefKey1,AssignNo,CreditControl,RefKey3,RefKey2,SNo) 
vals: VALUES(?,?,?,?,?,?,?,?,?,?,?,?,?,?,?,?,?,?,?)
Mar 21, 2018 11:42:19 AM iam_services.Iam_services Error_logger
INFO: Connection succeeded, hurray!
Mar 21, 2018 11:42:19 AM iam_services.Iam_services Error_logger
INFO: cols:(Salesman,DocAmt,ProfitCenter,BusinessArea,ItemText,Resvi1,GlAccount,Resvi2,CompCode,CostCenter,PostingKey,PayTerms,IntOrder,RefKey1,AssignNo,CreditControl,RefKey3,RefKey2,SNo) 
vals: VALUES(?,?,?,?,?,?,?,?,?,?,?,?,?,?,?,?,?,?,?)
Mar 21, 2018 11:42:19 AM iam_services.Iam_services Error_logger
INFO: Connection succeeded, hurray!
Mar 21, 2018 11:42:19 AM iam_services.Iam_services Error_logger
INFO: cols:(DocDate,RefNo,FiscalYr,FiscalPd,Resvh1,HeadTxt,CompCode,Resvh2,SNo,Currency,PostDate,ExcRate,DocType,SNo) 
vals: VALUES(?,?,?,?,?,?,?,?,?,?,?,?,?,?)
Mar 21, 2018 11:42:19 AM iam_services.Iam_services Error_logger
INFO: Empty data for ns1:MT_POS_FIUpload
Mar 21, 2018 11:42:19 AM iam_services.Iam_services Error_logger
INFO: Empty data for #document
Mar 21, 2018 11:44:12 AM iam_services.Iam_services Error_logger
INFO: Connection succeeded, hurray!
Mar 21, 2018 11:44:12 AM iam_services.Iam_services Error_logger
INFO: cols:(Salesman,DocAmt,ProfitCenter,BusinessArea,ItemText,Resvi1,GlAccount,Resvi2,CompCode,CostCenter,PostingKey,PayTerms,IntOrder,RefKey1,AssignNo,CreditControl,RefKey3,RefKey2) 
vals: VALUES(?,?,?,?,?,?,?,?,?,?,?,?,?,?,?,?,?,?)
Mar 21, 2018 11:44:12 AM iam_services.Iam_services Error_logger
INFO: Connection succeeded, hurray!
Mar 21, 2018 11:44:12 AM iam_services.Iam_services Error_logger
INFO: cols:(Salesman,DocAmt,ProfitCenter,BusinessArea,ItemText,Resvi1,GlAccount,Resvi2,CompCode,CostCenter,PostingKey,PayTerms,IntOrder,RefKey1,AssignNo,CreditControl,RefKey3,RefKey2) 
vals: VALUES(?,?,?,?,?,?,?,?,?,?,?,?,?,?,?,?,?,?)
Mar 21, 2018 11:44:12 AM iam_services.Iam_services Error_logger
INFO: Connection succeeded, hurray!
Mar 21, 2018 11:44:12 AM iam_services.Iam_services Error_logger
INFO: cols:(DocDate,RefNo,FiscalYr,FiscalPd,Resvh1,HeadTxt,CompCode,Resvh2,SNo,Currency,PostDate,ExcRate,DocType) 
vals: VALUES(?,?,?,?,?,?,?,?,?,?,?,?,?)
Mar 21, 2018 11:44:12 AM iam_services.Iam_services Error_logger
INFO: Connection succeeded, hurray!
Mar 21, 2018 11:44:12 AM iam_services.Iam_services Error_logger
INFO: cols:(Salesman,DocAmt,ProfitCenter,BusinessArea,ItemText,Resvi1,GlAccount,Resvi2,CompCode,CostCenter,PostingKey,PayTerms,IntOrder,RefKey1,AssignNo,CreditControl,RefKey3,RefKey2,SNo) 
vals: VALUES(?,?,?,?,?,?,?,?,?,?,?,?,?,?,?,?,?,?,?)
Mar 21, 2018 11:44:12 AM iam_services.Iam_services Error_logger
INFO: Connection succeeded, hurray!
Mar 21, 2018 11:44:12 AM iam_services.Iam_services Error_logger
INFO: cols:(Salesman,DocAmt,ProfitCenter,BusinessArea,ItemText,Resvi1,GlAccount,Resvi2,CompCode,CostCenter,PostingKey,PayTerms,IntOrder,RefKey1,AssignNo,CreditControl,RefKey3,RefKey2,SNo) 
vals: VALUES(?,?,?,?,?,?,?,?,?,?,?,?,?,?,?,?,?,?,?)
Mar 21, 2018 11:44:12 AM iam_services.Iam_services Error_logger
INFO: Connection succeeded, hurray!
Mar 21, 2018 11:44:12 AM iam_services.Iam_services Error_logger
INFO: cols:(DocDate,RefNo,FiscalYr,FiscalPd,Resvh1,HeadTxt,CompCode,Resvh2,SNo,Currency,PostDate,ExcRate,DocType,SNo) 
vals: VALUES(?,?,?,?,?,?,?,?,?,?,?,?,?,?)
Mar 21, 2018 11:44:12 AM iam_services.Iam_services Error_logger
INFO: Connection succeeded, hurray!
Mar 21, 2018 11:44:12 AM iam_services.Iam_services Error_logger
INFO: cols:(Salesman,DocAmt,ProfitCenter,BusinessArea,ItemText,Resvi1,GlAccount,Resvi2,CompCode,CostCenter,PostingKey,PayTerms,IntOrder,RefKey1,AssignNo,CreditControl,RefKey3,RefKey2,SNo) 
vals: VALUES(?,?,?,?,?,?,?,?,?,?,?,?,?,?,?,?,?,?,?)
Mar 21, 2018 11:44:12 AM iam_services.Iam_services Error_logger
INFO: Connection succeeded, hurray!
Mar 21, 2018 11:44:12 AM iam_services.Iam_services Error_logger
INFO: cols:(Salesman,DocAmt,ProfitCenter,BusinessArea,ItemText,Resvi1,GlAccount,Resvi2,CompCode,CostCenter,PostingKey,PayTerms,IntOrder,RefKey1,AssignNo,CreditControl,RefKey3,RefKey2,SNo) 
vals: VALUES(?,?,?,?,?,?,?,?,?,?,?,?,?,?,?,?,?,?,?)
Mar 21, 2018 11:44:12 AM iam_services.Iam_services Error_logger
INFO: Connection succeeded, hurray!
Mar 21, 2018 11:44:12 AM iam_services.Iam_services Error_logger
INFO: cols:(DocDate,RefNo,FiscalYr,FiscalPd,Resvh1,HeadTxt,CompCode,Resvh2,SNo,Currency,PostDate,ExcRate,DocType,SNo) 
vals: VALUES(?,?,?,?,?,?,?,?,?,?,?,?,?,?)
Mar 21, 2018 11:44:12 AM iam_services.Iam_services Error_logger
INFO: Empty data for ns1:MT_POS_FIUpload
Mar 21, 2018 11:44:12 AM iam_services.Iam_services Error_logger
INFO: Empty data for #document
Mar 21, 2018 12:46:54 PM iam_services.Iam_services Error_logger
INFO: Connection succeeded, hurray!
Mar 21, 2018 12:46:54 PM iam_services.Iam_services Error_logger
INFO: cols:(Salesman,DocAmt,ProfitCenter,BusinessArea,ItemText,Resvi1,GlAccount,Resvi2,CompCode,CostCenter,PostingKey,PayTerms,IntOrder,RefKey1,AssignNo,CreditControl,RefKey3,RefKey2) 
vals: VALUES(?,?,?,?,?,?,?,?,?,?,?,?,?,?,?,?,?,?)
Mar 21, 2018 12:46:54 PM iam_services.Iam_services Error_logger
INFO: Connection succeeded, hurray!
Mar 21, 2018 12:46:54 PM iam_services.Iam_services Error_logger
INFO: cols:(Salesman,DocAmt,ProfitCenter,BusinessArea,ItemText,Resvi1,GlAccount,Resvi2,CompCode,CostCenter,PostingKey,PayTerms,IntOrder,RefKey1,AssignNo,CreditControl,RefKey3,RefKey2) 
vals: VALUES(?,?,?,?,?,?,?,?,?,?,?,?,?,?,?,?,?,?)
Mar 21, 2018 12:46:54 PM iam_services.Iam_services Error_logger
INFO: Connection succeeded, hurray!
Mar 21, 2018 12:46:54 PM iam_services.Iam_services Error_logger
INFO: cols:(DocDate,RefNo,FiscalYr,FiscalPd,Resvh1,HeadTxt,CompCode,Resvh2,SNo,Currency,PostDate,ExcRate,DocType) 
vals: VALUES(?,?,?,?,?,?,?,?,?,?,?,?,?)
Mar 21, 2018 12:46:55 PM iam_services.Iam_services Error_logger
INFO: Connection succeeded, hurray!
Mar 21, 2018 12:46:55 PM iam_services.Iam_services Error_logger
INFO: cols:(Salesman,DocAmt,ProfitCenter,BusinessArea,ItemText,Resvi1,GlAccount,Resvi2,CompCode,CostCenter,PostingKey,PayTerms,IntOrder,RefKey1,AssignNo,CreditControl,RefKey3,RefKey2,SNo) 
vals: VALUES(?,?,?,?,?,?,?,?,?,?,?,?,?,?,?,?,?,?,?)
Mar 21, 2018 12:46:55 PM iam_services.Iam_services Error_logger
INFO: Connection succeeded, hurray!
Mar 21, 2018 12:46:55 PM iam_services.Iam_services Error_logger
INFO: cols:(Salesman,DocAmt,ProfitCenter,BusinessArea,ItemText,Resvi1,GlAccount,Resvi2,CompCode,CostCenter,PostingKey,PayTerms,IntOrder,RefKey1,AssignNo,CreditControl,RefKey3,RefKey2,SNo) 
vals: VALUES(?,?,?,?,?,?,?,?,?,?,?,?,?,?,?,?,?,?,?)
Mar 21, 2018 12:46:55 PM iam_services.Iam_services Error_logger
INFO: Connection succeeded, hurray!
Mar 21, 2018 12:46:55 PM iam_services.Iam_services Error_logger
INFO: cols:(DocDate,RefNo,FiscalYr,FiscalPd,Resvh1,HeadTxt,CompCode,Resvh2,SNo,Currency,PostDate,ExcRate,DocType,SNo) 
vals: VALUES(?,?,?,?,?,?,?,?,?,?,?,?,?,?)
Mar 21, 2018 12:46:55 PM iam_services.Iam_services Error_logger
INFO: Connection succeeded, hurray!
Mar 21, 2018 12:46:55 PM iam_services.Iam_services Error_logger
INFO: cols:(Salesman,DocAmt,ProfitCenter,BusinessArea,ItemText,Resvi1,GlAccount,Resvi2,CompCode,CostCenter,PostingKey,PayTerms,IntOrder,RefKey1,AssignNo,CreditControl,RefKey3,RefKey2,SNo) 
vals: VALUES(?,?,?,?,?,?,?,?,?,?,?,?,?,?,?,?,?,?,?)
Mar 21, 2018 12:46:55 PM iam_services.Iam_services Error_logger
INFO: Connection succeeded, hurray!
Mar 21, 2018 12:46:55 PM iam_services.Iam_services Error_logger
INFO: cols:(Salesman,DocAmt,ProfitCenter,BusinessArea,ItemText,Resvi1,GlAccount,Resvi2,CompCode,CostCenter,PostingKey,PayTerms,IntOrder,RefKey1,AssignNo,CreditControl,RefKey3,RefKey2,SNo) 
vals: VALUES(?,?,?,?,?,?,?,?,?,?,?,?,?,?,?,?,?,?,?)
Mar 21, 2018 12:46:55 PM iam_services.Iam_services Error_logger
INFO: Connection succeeded, hurray!
Mar 21, 2018 12:46:55 PM iam_services.Iam_services Error_logger
INFO: cols:(DocDate,RefNo,FiscalYr,FiscalPd,Resvh1,HeadTxt,CompCode,Resvh2,SNo,Currency,PostDate,ExcRate,DocType,SNo) 
vals: VALUES(?,?,?,?,?,?,?,?,?,?,?,?,?,?)
Mar 21, 2018 12:46:55 PM iam_services.Iam_services Error_logger
INFO: Empty data for ns1:MT_POS_FIUpload
Mar 21, 2018 12:46:55 PM iam_services.Iam_services Error_logger
INFO: Empty data for #document
Mar 21, 2018 12:55:48 PM iam_services.Iam_services Error_logger
INFO: Connection succeeded, hurray!
Mar 21, 2018 12:55:48 PM iam_services.Iam_services Error_logger
INFO: cols:(Salesman,DocAmt,ProfitCenter,BusinessArea,ItemText,Resvi1,GlAccount,Resvi2,CompCode,CostCenter,PostingKey,PayTerms,IntOrder,RefKey1,AssignNo,CreditControl,RefKey3,RefKey2) 
vals: VALUES(?,?,?,?,?,?,?,?,?,?,?,?,?,?,?,?,?,?)
Mar 21, 2018 12:55:48 PM iam_services.Iam_services Error_logger
INFO: Connection succeeded, hurray!
Mar 21, 2018 12:55:48 PM iam_services.Iam_services Error_logger
INFO: cols:(Salesman,DocAmt,ProfitCenter,BusinessArea,ItemText,Resvi1,GlAccount,Resvi2,CompCode,CostCenter,PostingKey,PayTerms,IntOrder,RefKey1,AssignNo,CreditControl,RefKey3,RefKey2) 
vals: VALUES(?,?,?,?,?,?,?,?,?,?,?,?,?,?,?,?,?,?)
Mar 21, 2018 12:55:48 PM iam_services.Iam_services Error_logger
INFO: Connection succeeded, hurray!
Mar 21, 2018 12:55:48 PM iam_services.Iam_services Error_logger
INFO: cols:(DocDate,RefNo,FiscalYr,FiscalPd,Resvh1,HeadTxt,CompCode,Resvh2,SNo,Currency,PostDate,ExcRate,DocType) 
vals: VALUES(?,?,?,?,?,?,?,?,?,?,?,?,?)
Mar 21, 2018 12:55:48 PM iam_services.Iam_services Error_logger
INFO: Connection succeeded, hurray!
Mar 21, 2018 12:55:48 PM iam_services.Iam_services Error_logger
INFO: cols:(Salesman,DocAmt,ProfitCenter,BusinessArea,ItemText,Resvi1,GlAccount,Resvi2,CompCode,CostCenter,PostingKey,PayTerms,IntOrder,RefKey1,AssignNo,CreditControl,RefKey3,RefKey2,SNo) 
vals: VALUES(?,?,?,?,?,?,?,?,?,?,?,?,?,?,?,?,?,?,?)
Mar 21, 2018 12:55:48 PM iam_services.Iam_services Error_logger
INFO: Connection succeeded, hurray!
Mar 21, 2018 12:55:48 PM iam_services.Iam_services Error_logger
INFO: cols:(Salesman,DocAmt,ProfitCenter,BusinessArea,ItemText,Resvi1,GlAccount,Resvi2,CompCode,CostCenter,PostingKey,PayTerms,IntOrder,RefKey1,AssignNo,CreditControl,RefKey3,RefKey2,SNo) 
vals: VALUES(?,?,?,?,?,?,?,?,?,?,?,?,?,?,?,?,?,?,?)
Mar 21, 2018 12:55:49 PM iam_services.Iam_services Error_logger
INFO: Connection succeeded, hurray!
Mar 21, 2018 12:55:49 PM iam_services.Iam_services Error_logger
INFO: cols:(DocDate,RefNo,FiscalYr,FiscalPd,Resvh1,HeadTxt,CompCode,Resvh2,SNo,Currency,PostDate,ExcRate,DocType,SNo) 
vals: VALUES(?,?,?,?,?,?,?,?,?,?,?,?,?,?)
Mar 21, 2018 12:55:49 PM iam_services.Iam_services Error_logger
INFO: Connection succeeded, hurray!
Mar 21, 2018 12:55:49 PM iam_services.Iam_services Error_logger
INFO: cols:(Salesman,DocAmt,ProfitCenter,BusinessArea,ItemText,Resvi1,GlAccount,Resvi2,CompCode,CostCenter,PostingKey,PayTerms,IntOrder,RefKey1,AssignNo,CreditControl,RefKey3,RefKey2,SNo) 
vals: VALUES(?,?,?,?,?,?,?,?,?,?,?,?,?,?,?,?,?,?,?)
Mar 21, 2018 12:55:49 PM iam_services.Iam_services Error_logger
INFO: Connection succeeded, hurray!
Mar 21, 2018 12:55:49 PM iam_services.Iam_services Error_logger
INFO: cols:(Salesman,DocAmt,ProfitCenter,BusinessArea,ItemText,Resvi1,GlAccount,Resvi2,CompCode,CostCenter,PostingKey,PayTerms,IntOrder,RefKey1,AssignNo,CreditControl,RefKey3,RefKey2,SNo) 
vals: VALUES(?,?,?,?,?,?,?,?,?,?,?,?,?,?,?,?,?,?,?)
Mar 21, 2018 12:55:49 PM iam_services.Iam_services Error_logger
INFO: Connection succeeded, hurray!
Mar 21, 2018 12:55:49 PM iam_services.Iam_services Error_logger
INFO: cols:(DocDate,RefNo,FiscalYr,FiscalPd,Resvh1,HeadTxt,CompCode,Resvh2,SNo,Currency,PostDate,ExcRate,DocType,SNo) 
vals: VALUES(?,?,?,?,?,?,?,?,?,?,?,?,?,?)
Mar 21, 2018 12:55:49 PM iam_services.Iam_services Error_logger
INFO: Empty data for ns1:MT_POS_FIUpload
Mar 21, 2018 12:55:49 PM iam_services.Iam_services Error_logger
INFO: Empty data for #document
Mar 21, 2018 12:58:59 PM iam_services.Iam_services Error_logger
INFO: Connection succeeded, hurray!
Mar 21, 2018 12:58:59 PM iam_services.Iam_services Error_logger
INFO: cols:(Salesman,DocAmt,ProfitCenter,BusinessArea,ItemText,Resvi1,GlAccount,Resvi2,CompCode,CostCenter,PostingKey,PayTerms,IntOrder,RefKey1,AssignNo,CreditControl,RefKey3,RefKey2) 
vals: VALUES(?,?,?,?,?,?,?,?,?,?,?,?,?,?,?,?,?,?)
Mar 21, 2018 12:58:59 PM iam_services.Iam_services Error_logger
INFO: Connection succeeded, hurray!
Mar 21, 2018 12:58:59 PM iam_services.Iam_services Error_logger
INFO: cols:(Salesman,DocAmt,ProfitCenter,BusinessArea,ItemText,Resvi1,GlAccount,Resvi2,CompCode,CostCenter,PostingKey,PayTerms,IntOrder,RefKey1,AssignNo,CreditControl,RefKey3,RefKey2) 
vals: VALUES(?,?,?,?,?,?,?,?,?,?,?,?,?,?,?,?,?,?)
Mar 21, 2018 12:58:59 PM iam_services.Iam_services Error_logger
INFO: Connection succeeded, hurray!
Mar 21, 2018 12:58:59 PM iam_services.Iam_services Error_logger
INFO: cols:(DocDate,RefNo,FiscalYr,FiscalPd,Resvh1,HeadTxt,CompCode,Resvh2,SNo,Currency,PostDate,ExcRate,DocType) 
vals: VALUES(?,?,?,?,?,?,?,?,?,?,?,?,?)
Mar 21, 2018 12:58:59 PM iam_services.Iam_services Error_logger
INFO: Connection succeeded, hurray!
Mar 21, 2018 12:58:59 PM iam_services.Iam_services Error_logger
INFO: cols:(Salesman,DocAmt,ProfitCenter,BusinessArea,ItemText,Resvi1,GlAccount,Resvi2,CompCode,CostCenter,PostingKey,PayTerms,IntOrder,RefKey1,AssignNo,CreditControl,RefKey3,RefKey2,SNo) 
vals: VALUES(?,?,?,?,?,?,?,?,?,?,?,?,?,?,?,?,?,?,?)
Mar 21, 2018 12:58:59 PM iam_services.Iam_services Error_logger
INFO: Connection succeeded, hurray!
Mar 21, 2018 12:58:59 PM iam_services.Iam_services Error_logger
INFO: cols:(Salesman,DocAmt,ProfitCenter,BusinessArea,ItemText,Resvi1,GlAccount,Resvi2,CompCode,CostCenter,PostingKey,PayTerms,IntOrder,RefKey1,AssignNo,CreditControl,RefKey3,RefKey2,SNo) 
vals: VALUES(?,?,?,?,?,?,?,?,?,?,?,?,?,?,?,?,?,?,?)
Mar 21, 2018 12:58:59 PM iam_services.Iam_services Error_logger
INFO: Connection succeeded, hurray!
Mar 21, 2018 12:58:59 PM iam_services.Iam_services Error_logger
INFO: cols:(DocDate,RefNo,FiscalYr,FiscalPd,Resvh1,HeadTxt,CompCode,Resvh2,SNo,Currency,PostDate,ExcRate,DocType,SNo) 
vals: VALUES(?,?,?,?,?,?,?,?,?,?,?,?,?,?)
Mar 21, 2018 12:58:59 PM iam_services.Iam_services Error_logger
INFO: Connection succeeded, hurray!
Mar 21, 2018 12:58:59 PM iam_services.Iam_services Error_logger
INFO: cols:(Salesman,DocAmt,ProfitCenter,BusinessArea,ItemText,Resvi1,GlAccount,Resvi2,CompCode,CostCenter,PostingKey,PayTerms,IntOrder,RefKey1,AssignNo,CreditControl,RefKey3,RefKey2,SNo) 
vals: VALUES(?,?,?,?,?,?,?,?,?,?,?,?,?,?,?,?,?,?,?)
Mar 21, 2018 12:58:59 PM iam_services.Iam_services Error_logger
INFO: Connection succeeded, hurray!
Mar 21, 2018 12:58:59 PM iam_services.Iam_services Error_logger
INFO: cols:(Salesman,DocAmt,ProfitCenter,BusinessArea,ItemText,Resvi1,GlAccount,Resvi2,CompCode,CostCenter,PostingKey,PayTerms,IntOrder,RefKey1,AssignNo,CreditControl,RefKey3,RefKey2,SNo) 
vals: VALUES(?,?,?,?,?,?,?,?,?,?,?,?,?,?,?,?,?,?,?)
Mar 21, 2018 12:58:59 PM iam_services.Iam_services Error_logger
INFO: Connection succeeded, hurray!
Mar 21, 2018 12:58:59 PM iam_services.Iam_services Error_logger
INFO: cols:(DocDate,RefNo,FiscalYr,FiscalPd,Resvh1,HeadTxt,CompCode,Resvh2,SNo,Currency,PostDate,ExcRate,DocType,SNo) 
vals: VALUES(?,?,?,?,?,?,?,?,?,?,?,?,?,?)
Mar 21, 2018 12:58:59 PM iam_services.Iam_services Error_logger
INFO: Empty data for ns1:MT_POS_FIUpload
Mar 21, 2018 12:58:59 PM iam_services.Iam_services Error_logger
INFO: Empty data for #document
Mar 21, 2018 1:02:27 PM iam_services.Iam_services Error_logger
INFO: Connection succeeded, hurray!
Mar 21, 2018 1:02:27 PM iam_services.Iam_services Error_logger
INFO: cols:(Salesman,DocAmt,ProfitCenter,BusinessArea,ItemText,Resvi1,GlAccount,Resvi2,CompCode,CostCenter,PostingKey,PayTerms,IntOrder,RefKey1,AssignNo,CreditControl,RefKey3,RefKey2) 
vals: VALUES(?,?,?,?,?,?,?,?,?,?,?,?,?,?,?,?,?,?)
Mar 21, 2018 1:02:27 PM iam_services.Iam_services Error_logger
INFO: Connection succeeded, hurray!
Mar 21, 2018 1:02:27 PM iam_services.Iam_services Error_logger
INFO: cols:(Salesman,DocAmt,ProfitCenter,BusinessArea,ItemText,Resvi1,GlAccount,Resvi2,CompCode,CostCenter,PostingKey,PayTerms,IntOrder,RefKey1,AssignNo,CreditControl,RefKey3,RefKey2) 
vals: VALUES(?,?,?,?,?,?,?,?,?,?,?,?,?,?,?,?,?,?)
Mar 21, 2018 1:02:27 PM iam_services.Iam_services Error_logger
INFO: Connection succeeded, hurray!
Mar 21, 2018 1:02:27 PM iam_services.Iam_services Error_logger
INFO: cols:(DocDate,RefNo,FiscalYr,FiscalPd,Resvh1,HeadTxt,CompCode,Resvh2,SNo,Currency,PostDate,ExcRate,DocType) 
vals: VALUES(?,?,?,?,?,?,?,?,?,?,?,?,?)
Mar 21, 2018 1:02:27 PM iam_services.Iam_services Error_logger
INFO: Connection succeeded, hurray!
Mar 21, 2018 1:02:27 PM iam_services.Iam_services Error_logger
INFO: cols:(Salesman,DocAmt,ProfitCenter,BusinessArea,ItemText,Resvi1,GlAccount,Resvi2,CompCode,CostCenter,PostingKey,PayTerms,IntOrder,RefKey1,AssignNo,CreditControl,RefKey3,RefKey2,SNo) 
vals: VALUES(?,?,?,?,?,?,?,?,?,?,?,?,?,?,?,?,?,?,?)
Mar 21, 2018 1:02:27 PM iam_services.Iam_services Error_logger
INFO: Connection succeeded, hurray!
Mar 21, 2018 1:02:27 PM iam_services.Iam_services Error_logger
INFO: cols:(Salesman,DocAmt,ProfitCenter,BusinessArea,ItemText,Resvi1,GlAccount,Resvi2,CompCode,CostCenter,PostingKey,PayTerms,IntOrder,RefKey1,AssignNo,CreditControl,RefKey3,RefKey2,SNo) 
vals: VALUES(?,?,?,?,?,?,?,?,?,?,?,?,?,?,?,?,?,?,?)
Mar 21, 2018 1:02:27 PM iam_services.Iam_services Error_logger
INFO: Connection succeeded, hurray!
Mar 21, 2018 1:02:27 PM iam_services.Iam_services Error_logger
INFO: cols:(DocDate,RefNo,FiscalYr,FiscalPd,Resvh1,HeadTxt,CompCode,Resvh2,SNo,Currency,PostDate,ExcRate,DocType) 
vals: VALUES(?,?,?,?,?,?,?,?,?,?,?,?,?)
Mar 21, 2018 1:02:27 PM iam_services.Iam_services Error_logger
INFO: Connection succeeded, hurray!
Mar 21, 2018 1:02:27 PM iam_services.Iam_services Error_logger
INFO: cols:(Salesman,DocAmt,ProfitCenter,BusinessArea,ItemText,Resvi1,GlAccount,Resvi2,CompCode,CostCenter,PostingKey,PayTerms,IntOrder,RefKey1,AssignNo,CreditControl,RefKey3,RefKey2,SNo) 
vals: VALUES(?,?,?,?,?,?,?,?,?,?,?,?,?,?,?,?,?,?,?)
Mar 21, 2018 1:02:27 PM iam_services.Iam_services Error_logger
INFO: Connection succeeded, hurray!
Mar 21, 2018 1:02:27 PM iam_services.Iam_services Error_logger
INFO: cols:(Salesman,DocAmt,ProfitCenter,BusinessArea,ItemText,Resvi1,GlAccount,Resvi2,CompCode,CostCenter,PostingKey,PayTerms,IntOrder,RefKey1,AssignNo,CreditControl,RefKey3,RefKey2,SNo) 
vals: VALUES(?,?,?,?,?,?,?,?,?,?,?,?,?,?,?,?,?,?,?)
Mar 21, 2018 1:02:27 PM iam_services.Iam_services Error_logger
INFO: Connection succeeded, hurray!
Mar 21, 2018 1:02:27 PM iam_services.Iam_services Error_logger
INFO: cols:(DocDate,RefNo,FiscalYr,FiscalPd,Resvh1,HeadTxt,CompCode,Resvh2,SNo,Currency,PostDate,ExcRate,DocType) 
vals: VALUES(?,?,?,?,?,?,?,?,?,?,?,?,?)
Mar 21, 2018 1:02:27 PM iam_services.Iam_services Error_logger
INFO: Empty data for ns1:MT_POS_FIUpload
Mar 21, 2018 1:02:27 PM iam_services.Iam_services Error_logger
INFO: Empty data for #document
Mar 21, 2018 1:03:24 PM iam_services.Iam_services Error_logger
INFO: Connection succeeded, hurray!
Mar 21, 2018 1:03:24 PM iam_services.Iam_services Error_logger
INFO: cols:(Salesman,DocAmt,ProfitCenter,BusinessArea,ItemText,Resvi1,GlAccount,Resvi2,CompCode,CostCenter,PostingKey,PayTerms,IntOrder,RefKey1,AssignNo,CreditControl,RefKey3,RefKey2) 
vals: VALUES(?,?,?,?,?,?,?,?,?,?,?,?,?,?,?,?,?,?)
Mar 21, 2018 1:03:24 PM iam_services.Iam_services Error_logger
INFO: Connection succeeded, hurray!
Mar 21, 2018 1:03:24 PM iam_services.Iam_services Error_logger
INFO: cols:(Salesman,DocAmt,ProfitCenter,BusinessArea,ItemText,Resvi1,GlAccount,Resvi2,CompCode,CostCenter,PostingKey,PayTerms,IntOrder,RefKey1,AssignNo,CreditControl,RefKey3,RefKey2) 
vals: VALUES(?,?,?,?,?,?,?,?,?,?,?,?,?,?,?,?,?,?)
Mar 21, 2018 1:03:24 PM iam_services.Iam_services Error_logger
INFO: Connection succeeded, hurray!
Mar 21, 2018 1:03:24 PM iam_services.Iam_services Error_logger
INFO: cols:(DocDate,RefNo,FiscalYr,FiscalPd,Resvh1,HeadTxt,CompCode,Resvh2,SNo,Currency,PostDate,ExcRate,DocType) 
vals: VALUES(?,?,?,?,?,?,?,?,?,?,?,?,?)
Mar 21, 2018 1:03:24 PM iam_services.Iam_services Error_logger
INFO: Connection succeeded, hurray!
Mar 21, 2018 1:03:24 PM iam_services.Iam_services Error_logger
INFO: cols:(Salesman,DocAmt,ProfitCenter,BusinessArea,ItemText,Resvi1,GlAccount,Resvi2,CompCode,CostCenter,PostingKey,PayTerms,IntOrder,RefKey1,AssignNo,CreditControl,RefKey3,RefKey2,SNo) 
vals: VALUES(?,?,?,?,?,?,?,?,?,?,?,?,?,?,?,?,?,?,?)
Mar 21, 2018 1:03:24 PM iam_services.Iam_services Error_logger
INFO: Connection succeeded, hurray!
Mar 21, 2018 1:03:24 PM iam_services.Iam_services Error_logger
INFO: cols:(Salesman,DocAmt,ProfitCenter,BusinessArea,ItemText,Resvi1,GlAccount,Resvi2,CompCode,CostCenter,PostingKey,PayTerms,IntOrder,RefKey1,AssignNo,CreditControl,RefKey3,RefKey2,SNo) 
vals: VALUES(?,?,?,?,?,?,?,?,?,?,?,?,?,?,?,?,?,?,?)
Mar 21, 2018 1:03:24 PM iam_services.Iam_services Error_logger
INFO: Connection succeeded, hurray!
Mar 21, 2018 1:03:24 PM iam_services.Iam_services Error_logger
INFO: cols:(DocDate,RefNo,FiscalYr,FiscalPd,Resvh1,HeadTxt,CompCode,Resvh2,SNo,Currency,PostDate,ExcRate,DocType) 
vals: VALUES(?,?,?,?,?,?,?,?,?,?,?,?,?)
Mar 21, 2018 1:03:24 PM iam_services.Iam_services Error_logger
INFO: Connection succeeded, hurray!
Mar 21, 2018 1:03:24 PM iam_services.Iam_services Error_logger
INFO: cols:(Salesman,DocAmt,ProfitCenter,BusinessArea,ItemText,Resvi1,GlAccount,Resvi2,CompCode,CostCenter,PostingKey,PayTerms,IntOrder,RefKey1,AssignNo,CreditControl,RefKey3,RefKey2,SNo) 
vals: VALUES(?,?,?,?,?,?,?,?,?,?,?,?,?,?,?,?,?,?,?)
Mar 21, 2018 1:03:24 PM iam_services.Iam_services Error_logger
INFO: Connection succeeded, hurray!
Mar 21, 2018 1:03:24 PM iam_services.Iam_services Error_logger
INFO: cols:(Salesman,DocAmt,ProfitCenter,BusinessArea,ItemText,Resvi1,GlAccount,Resvi2,CompCode,CostCenter,PostingKey,PayTerms,IntOrder,RefKey1,AssignNo,CreditControl,RefKey3,RefKey2,SNo) 
vals: VALUES(?,?,?,?,?,?,?,?,?,?,?,?,?,?,?,?,?,?,?)
Mar 21, 2018 1:03:24 PM iam_services.Iam_services Error_logger
INFO: Connection succeeded, hurray!
Mar 21, 2018 1:03:24 PM iam_services.Iam_services Error_logger
INFO: cols:(DocDate,RefNo,FiscalYr,FiscalPd,Resvh1,HeadTxt,CompCode,Resvh2,SNo,Currency,PostDate,ExcRate,DocType) 
vals: VALUES(?,?,?,?,?,?,?,?,?,?,?,?,?)
Mar 21, 2018 1:03:24 PM iam_services.Iam_services Error_logger
INFO: Empty data for ns1:MT_POS_FIUpload
Mar 21, 2018 1:03:24 PM iam_services.Iam_services Error_logger
INFO: Empty data for #document
Mar 21, 2018 2:10:21 PM iam_services.Iam_services Error_logger
INFO: Connection succeeded, hurray!
Mar 21, 2018 2:10:21 PM iam_services.Iam_services Error_logger
INFO: cols:(Salesman,DocAmt,ProfitCenter,BusinessArea,ItemText,Resvi1,GlAccount,Resvi2,CompCode,CostCenter,PostingKey,PayTerms,IntOrder,RefKey1,AssignNo,CreditControl,RefKey3,RefKey2,SNo) 
vals: VALUES(?,?,?,?,?,?,?,?,?,?,?,?,?,?,?,?,?,?,?)
Mar 21, 2018 2:10:21 PM iam_services.Iam_services Error_logger
INFO: Connection succeeded, hurray!
Mar 21, 2018 2:10:21 PM iam_services.Iam_services Error_logger
INFO: cols:(Salesman,DocAmt,ProfitCenter,BusinessArea,ItemText,Resvi1,GlAccount,Resvi2,CompCode,CostCenter,PostingKey,PayTerms,IntOrder,RefKey1,AssignNo,CreditControl,RefKey3,RefKey2,SNo) 
vals: VALUES(?,?,?,?,?,?,?,?,?,?,?,?,?,?,?,?,?,?,?)
Mar 21, 2018 2:10:21 PM iam_services.Iam_services Error_logger
INFO: Connection succeeded, hurray!
Mar 21, 2018 2:10:21 PM iam_services.Iam_services Error_logger
INFO: cols:(DocDate,RefNo,FiscalYr,FiscalPd,Resvh1,HeadTxt,CompCode,Resvh2,SNo,Currency,PostDate,ExcRate,DocType) 
vals: VALUES(?,?,?,?,?,?,?,?,?,?,?,?,?)
Mar 21, 2018 2:10:21 PM iam_services.Iam_services Error_logger
INFO: Connection succeeded, hurray!
Mar 21, 2018 2:10:21 PM iam_services.Iam_services Error_logger
INFO: cols:(Salesman,DocAmt,ProfitCenter,BusinessArea,ItemText,Resvi1,GlAccount,Resvi2,CompCode,CostCenter,PostingKey,PayTerms,IntOrder,RefKey1,AssignNo,CreditControl,RefKey3,RefKey2,SNo) 
vals: VALUES(?,?,?,?,?,?,?,?,?,?,?,?,?,?,?,?,?,?,?)
Mar 21, 2018 2:10:21 PM iam_services.Iam_services Error_logger
INFO: Connection succeeded, hurray!
Mar 21, 2018 2:10:21 PM iam_services.Iam_services Error_logger
INFO: cols:(Salesman,DocAmt,ProfitCenter,BusinessArea,ItemText,Resvi1,GlAccount,Resvi2,CompCode,CostCenter,PostingKey,PayTerms,IntOrder,RefKey1,AssignNo,CreditControl,RefKey3,RefKey2,SNo) 
vals: VALUES(?,?,?,?,?,?,?,?,?,?,?,?,?,?,?,?,?,?,?)
Mar 21, 2018 2:10:21 PM iam_services.Iam_services Error_logger
INFO: Connection succeeded, hurray!
Mar 21, 2018 2:10:21 PM iam_services.Iam_services Error_logger
INFO: cols:(DocDate,RefNo,FiscalYr,FiscalPd,Resvh1,HeadTxt,CompCode,Resvh2,SNo,Currency,PostDate,ExcRate,DocType) 
vals: VALUES(?,?,?,?,?,?,?,?,?,?,?,?,?)
Mar 21, 2018 2:10:21 PM iam_services.Iam_services Error_logger
INFO: Connection succeeded, hurray!
Mar 21, 2018 2:10:21 PM iam_services.Iam_services Error_logger
INFO: cols:(Salesman,DocAmt,ProfitCenter,BusinessArea,ItemText,Resvi1,GlAccount,Resvi2,CompCode,CostCenter,PostingKey,PayTerms,IntOrder,RefKey1,AssignNo,CreditControl,RefKey3,RefKey2,SNo) 
vals: VALUES(?,?,?,?,?,?,?,?,?,?,?,?,?,?,?,?,?,?,?)
Mar 21, 2018 2:10:21 PM iam_services.Iam_services Error_logger
INFO: Connection succeeded, hurray!
Mar 21, 2018 2:10:21 PM iam_services.Iam_services Error_logger
INFO: cols:(Salesman,DocAmt,ProfitCenter,BusinessArea,ItemText,Resvi1,GlAccount,Resvi2,CompCode,CostCenter,PostingKey,PayTerms,IntOrder,RefKey1,AssignNo,CreditControl,RefKey3,RefKey2,SNo) 
vals: VALUES(?,?,?,?,?,?,?,?,?,?,?,?,?,?,?,?,?,?,?)
Mar 21, 2018 2:10:21 PM iam_services.Iam_services Error_logger
INFO: Connection succeeded, hurray!
Mar 21, 2018 2:10:21 PM iam_services.Iam_services Error_logger
INFO: cols:(DocDate,RefNo,FiscalYr,FiscalPd,Resvh1,HeadTxt,CompCode,Resvh2,SNo,Currency,PostDate,ExcRate,DocType) 
vals: VALUES(?,?,?,?,?,?,?,?,?,?,?,?,?)
Mar 21, 2018 2:10:21 PM iam_services.Iam_services Error_logger
INFO: Empty data for ns1:MT_POS_FIUpload
Mar 21, 2018 2:10:21 PM iam_services.Iam_services Error_logger
INFO: Empty data for #document
Mar 21, 2018 2:14:16 PM iam_services.Iam_services Error_logger
INFO: Connection succeeded, hurray!
Mar 21, 2018 2:14:16 PM iam_services.Iam_services Error_logger
INFO: cols:(Salesman,DocAmt,ProfitCenter,BusinessArea,ItemText,Resvi1,GlAccount,Resvi2,CompCode,CostCenter,PostingKey,PayTerms,IntOrder,RefKey1,AssignNo,CreditControl,RefKey3,RefKey2,SNo) 
vals: VALUES(?,?,?,?,?,?,?,?,?,?,?,?,?,?,?,?,?,?,?)
Mar 21, 2018 2:14:16 PM iam_services.Iam_services Error_logger
INFO: Connection succeeded, hurray!
Mar 21, 2018 2:14:16 PM iam_services.Iam_services Error_logger
INFO: cols:(Salesman,DocAmt,ProfitCenter,BusinessArea,ItemText,Resvi1,GlAccount,Resvi2,CompCode,CostCenter,PostingKey,PayTerms,IntOrder,RefKey1,AssignNo,CreditControl,RefKey3,RefKey2,SNo) 
vals: VALUES(?,?,?,?,?,?,?,?,?,?,?,?,?,?,?,?,?,?,?)
Mar 21, 2018 2:14:16 PM iam_services.Iam_services Error_logger
INFO: Connection succeeded, hurray!
Mar 21, 2018 2:14:16 PM iam_services.Iam_services Error_logger
INFO: cols:(DocDate,RefNo,FiscalYr,FiscalPd,Resvh1,HeadTxt,CompCode,Resvh2,SNo,Currency,PostDate,ExcRate,DocType) 
vals: VALUES(?,?,?,?,?,?,?,?,?,?,?,?,?)
Mar 21, 2018 2:14:16 PM iam_services.Iam_services Error_logger
INFO: Connection succeeded, hurray!
Mar 21, 2018 2:14:16 PM iam_services.Iam_services Error_logger
INFO: cols:(Salesman,DocAmt,ProfitCenter,BusinessArea,ItemText,Resvi1,GlAccount,Resvi2,CompCode,CostCenter,PostingKey,PayTerms,IntOrder,RefKey1,AssignNo,CreditControl,RefKey3,RefKey2,SNo) 
vals: VALUES(?,?,?,?,?,?,?,?,?,?,?,?,?,?,?,?,?,?,?)
Mar 21, 2018 2:14:16 PM iam_services.Iam_services Error_logger
INFO: Connection succeeded, hurray!
Mar 21, 2018 2:14:16 PM iam_services.Iam_services Error_logger
INFO: cols:(Salesman,DocAmt,ProfitCenter,BusinessArea,ItemText,Resvi1,GlAccount,Resvi2,CompCode,CostCenter,PostingKey,PayTerms,IntOrder,RefKey1,AssignNo,CreditControl,RefKey3,RefKey2,SNo) 
vals: VALUES(?,?,?,?,?,?,?,?,?,?,?,?,?,?,?,?,?,?,?)
Mar 21, 2018 2:14:16 PM iam_services.Iam_services Error_logger
INFO: Connection succeeded, hurray!
Mar 21, 2018 2:14:16 PM iam_services.Iam_services Error_logger
INFO: cols:(DocDate,RefNo,FiscalYr,FiscalPd,Resvh1,HeadTxt,CompCode,Resvh2,SNo,Currency,PostDate,ExcRate,DocType) 
vals: VALUES(?,?,?,?,?,?,?,?,?,?,?,?,?)
Mar 21, 2018 2:14:17 PM iam_services.Iam_services Error_logger
INFO: Connection succeeded, hurray!
Mar 21, 2018 2:14:17 PM iam_services.Iam_services Error_logger
INFO: cols:(Salesman,DocAmt,ProfitCenter,BusinessArea,ItemText,Resvi1,GlAccount,Resvi2,CompCode,CostCenter,PostingKey,PayTerms,IntOrder,RefKey1,AssignNo,CreditControl,RefKey3,RefKey2,SNo) 
vals: VALUES(?,?,?,?,?,?,?,?,?,?,?,?,?,?,?,?,?,?,?)
Mar 21, 2018 2:14:17 PM iam_services.Iam_services Error_logger
INFO: Connection succeeded, hurray!
Mar 21, 2018 2:14:17 PM iam_services.Iam_services Error_logger
INFO: cols:(Salesman,DocAmt,ProfitCenter,BusinessArea,ItemText,Resvi1,GlAccount,Resvi2,CompCode,CostCenter,PostingKey,PayTerms,IntOrder,RefKey1,AssignNo,CreditControl,RefKey3,RefKey2,SNo) 
vals: VALUES(?,?,?,?,?,?,?,?,?,?,?,?,?,?,?,?,?,?,?)
Mar 21, 2018 2:14:17 PM iam_services.Iam_services Error_logger
INFO: Connection succeeded, hurray!
Mar 21, 2018 2:14:17 PM iam_services.Iam_services Error_logger
INFO: cols:(DocDate,RefNo,FiscalYr,FiscalPd,Resvh1,HeadTxt,CompCode,Resvh2,SNo,Currency,PostDate,ExcRate,DocType) 
vals: VALUES(?,?,?,?,?,?,?,?,?,?,?,?,?)
Mar 21, 2018 2:14:17 PM iam_services.Iam_services Error_logger
INFO: Empty data for ns1:MT_POS_FIUpload
Mar 21, 2018 2:14:17 PM iam_services.Iam_services Error_logger
INFO: Empty data for #document
Mar 21, 2018 2:36:20 PM iam_services.Iam_services Error_logger
INFO: Connection succeeded, hurray!
Mar 21, 2018 2:36:20 PM iam_services.Iam_services Error_logger
INFO: cols:(Salesman,DocAmt,ProfitCenter,BusinessArea,ItemText,Resvi1,GlAccount,Resvi2,CompCode,CostCenter,PostingKey,PayTerms,IntOrder,RefKey1,AssignNo,CreditControl,RefKey3,RefKey2,SNo) 
vals: VALUES(?,?,?,?,?,?,?,?,?,?,?,?,?,?,?,?,?,?,?)
Mar 21, 2018 2:36:20 PM iam_services.Iam_services Error_logger
INFO: Connection succeeded, hurray!
Mar 21, 2018 2:36:20 PM iam_services.Iam_services Error_logger
INFO: cols:(Salesman,DocAmt,ProfitCenter,BusinessArea,ItemText,Resvi1,GlAccount,Resvi2,CompCode,CostCenter,PostingKey,PayTerms,IntOrder,RefKey1,AssignNo,CreditControl,RefKey3,RefKey2,SNo) 
vals: VALUES(?,?,?,?,?,?,?,?,?,?,?,?,?,?,?,?,?,?,?)
Mar 21, 2018 2:36:20 PM iam_services.Iam_services Error_logger
INFO: Connection succeeded, hurray!
Mar 21, 2018 2:36:20 PM iam_services.Iam_services Error_logger
INFO: cols:(DocDate,RefNo,FiscalYr,FiscalPd,Resvh1,HeadTxt,CompCode,Resvh2,SNo,Currency,PostDate,ExcRate,DocType) 
vals: VALUES(?,?,?,?,?,?,?,?,?,?,?,?,?)
Mar 21, 2018 2:36:21 PM iam_services.Iam_services Error_logger
INFO: Connection succeeded, hurray!
Mar 21, 2018 2:36:21 PM iam_services.Iam_services Error_logger
INFO: cols:(Salesman,DocAmt,ProfitCenter,BusinessArea,ItemText,Resvi1,GlAccount,Resvi2,CompCode,CostCenter,PostingKey,PayTerms,IntOrder,RefKey1,AssignNo,CreditControl,RefKey3,RefKey2,SNo) 
vals: VALUES(?,?,?,?,?,?,?,?,?,?,?,?,?,?,?,?,?,?,?)
Mar 21, 2018 2:36:21 PM iam_services.Iam_services Error_logger
INFO: Connection succeeded, hurray!
Mar 21, 2018 2:36:21 PM iam_services.Iam_services Error_logger
INFO: cols:(Salesman,DocAmt,ProfitCenter,BusinessArea,ItemText,Resvi1,GlAccount,Resvi2,CompCode,CostCenter,PostingKey,PayTerms,IntOrder,RefKey1,AssignNo,CreditControl,RefKey3,RefKey2,SNo) 
vals: VALUES(?,?,?,?,?,?,?,?,?,?,?,?,?,?,?,?,?,?,?)
Mar 21, 2018 2:36:21 PM iam_services.Iam_services Error_logger
INFO: Connection succeeded, hurray!
Mar 21, 2018 2:36:21 PM iam_services.Iam_services Error_logger
INFO: cols:(DocDate,RefNo,FiscalYr,FiscalPd,Resvh1,HeadTxt,CompCode,Resvh2,SNo,Currency,PostDate,ExcRate,DocType) 
vals: VALUES(?,?,?,?,?,?,?,?,?,?,?,?,?)
Mar 21, 2018 2:36:21 PM iam_services.Iam_services Error_logger
INFO: Connection succeeded, hurray!
Mar 21, 2018 2:36:21 PM iam_services.Iam_services Error_logger
INFO: cols:(Salesman,DocAmt,ProfitCenter,BusinessArea,ItemText,Resvi1,GlAccount,Resvi2,CompCode,CostCenter,PostingKey,PayTerms,IntOrder,RefKey1,AssignNo,CreditControl,RefKey3,RefKey2,SNo) 
vals: VALUES(?,?,?,?,?,?,?,?,?,?,?,?,?,?,?,?,?,?,?)
Mar 21, 2018 2:36:21 PM iam_services.Iam_services Error_logger
INFO: Connection succeeded, hurray!
Mar 21, 2018 2:36:21 PM iam_services.Iam_services Error_logger
INFO: cols:(Salesman,DocAmt,ProfitCenter,BusinessArea,ItemText,Resvi1,GlAccount,Resvi2,CompCode,CostCenter,PostingKey,PayTerms,IntOrder,RefKey1,AssignNo,CreditControl,RefKey3,RefKey2,SNo) 
vals: VALUES(?,?,?,?,?,?,?,?,?,?,?,?,?,?,?,?,?,?,?)
Mar 21, 2018 2:36:21 PM iam_services.Iam_services Error_logger
INFO: Connection succeeded, hurray!
Mar 21, 2018 2:36:21 PM iam_services.Iam_services Error_logger
INFO: cols:(DocDate,RefNo,FiscalYr,FiscalPd,Resvh1,HeadTxt,CompCode,Resvh2,SNo,Currency,PostDate,ExcRate,DocType) 
vals: VALUES(?,?,?,?,?,?,?,?,?,?,?,?,?)
Mar 21, 2018 2:36:21 PM iam_services.Iam_services Error_logger
INFO: Empty data for ns1:MT_POS_FIUpload
Mar 21, 2018 2:36:21 PM iam_services.Iam_services Error_logger
INFO: Empty data for #document
Mar 21, 2018 2:37:07 PM iam_services.Iam_services Error_logger
INFO: Connection succeeded, hurray!
Mar 21, 2018 2:37:07 PM iam_services.Iam_services Error_logger
INFO: cols:(Salesman,DocAmt,ProfitCenter,BusinessArea,ItemText,Resvi1,GlAccount,Resvi2,CompCode,CostCenter,PostingKey,PayTerms,IntOrder,RefKey1,AssignNo,CreditControl,RefKey3,RefKey2,SNo) 
vals: VALUES(?,?,?,?,?,?,?,?,?,?,?,?,?,?,?,?,?,?,?)
Mar 21, 2018 2:37:07 PM iam_services.Iam_services Error_logger
INFO: Connection succeeded, hurray!
Mar 21, 2018 2:37:07 PM iam_services.Iam_services Error_logger
INFO: cols:(Salesman,DocAmt,ProfitCenter,BusinessArea,ItemText,Resvi1,GlAccount,Resvi2,CompCode,CostCenter,PostingKey,PayTerms,IntOrder,RefKey1,AssignNo,CreditControl,RefKey3,RefKey2,SNo) 
vals: VALUES(?,?,?,?,?,?,?,?,?,?,?,?,?,?,?,?,?,?,?)
Mar 21, 2018 2:37:07 PM iam_services.Iam_services Error_logger
INFO: Connection succeeded, hurray!
Mar 21, 2018 2:37:07 PM iam_services.Iam_services Error_logger
INFO: cols:(DocDate,RefNo,FiscalYr,FiscalPd,Resvh1,HeadTxt,CompCode,Resvh2,SNo,Currency,PostDate,ExcRate,DocType) 
vals: VALUES(?,?,?,?,?,?,?,?,?,?,?,?,?)
Mar 21, 2018 2:37:07 PM iam_services.Iam_services Error_logger
INFO: Connection succeeded, hurray!
Mar 21, 2018 2:37:07 PM iam_services.Iam_services Error_logger
INFO: cols:(Salesman,DocAmt,ProfitCenter,BusinessArea,ItemText,Resvi1,GlAccount,Resvi2,CompCode,CostCenter,PostingKey,PayTerms,IntOrder,RefKey1,AssignNo,CreditControl,RefKey3,RefKey2,SNo) 
vals: VALUES(?,?,?,?,?,?,?,?,?,?,?,?,?,?,?,?,?,?,?)
Mar 21, 2018 2:37:07 PM iam_services.Iam_services Error_logger
INFO: Connection succeeded, hurray!
Mar 21, 2018 2:37:07 PM iam_services.Iam_services Error_logger
INFO: cols:(Salesman,DocAmt,ProfitCenter,BusinessArea,ItemText,Resvi1,GlAccount,Resvi2,CompCode,CostCenter,PostingKey,PayTerms,IntOrder,RefKey1,AssignNo,CreditControl,RefKey3,RefKey2,SNo) 
vals: VALUES(?,?,?,?,?,?,?,?,?,?,?,?,?,?,?,?,?,?,?)
Mar 21, 2018 2:37:07 PM iam_services.Iam_services Error_logger
INFO: Connection succeeded, hurray!
Mar 21, 2018 2:37:07 PM iam_services.Iam_services Error_logger
INFO: cols:(DocDate,RefNo,FiscalYr,FiscalPd,Resvh1,HeadTxt,CompCode,Resvh2,SNo,Currency,PostDate,ExcRate,DocType) 
vals: VALUES(?,?,?,?,?,?,?,?,?,?,?,?,?)
Mar 21, 2018 2:37:07 PM iam_services.Iam_services Error_logger
INFO: Connection succeeded, hurray!
Mar 21, 2018 2:37:07 PM iam_services.Iam_services Error_logger
INFO: cols:(Salesman,DocAmt,ProfitCenter,BusinessArea,ItemText,Resvi1,GlAccount,Resvi2,CompCode,CostCenter,PostingKey,PayTerms,IntOrder,RefKey1,AssignNo,CreditControl,RefKey3,RefKey2,SNo) 
vals: VALUES(?,?,?,?,?,?,?,?,?,?,?,?,?,?,?,?,?,?,?)
Mar 21, 2018 2:37:07 PM iam_services.Iam_services Error_logger
INFO: Connection succeeded, hurray!
Mar 21, 2018 2:37:07 PM iam_services.Iam_services Error_logger
INFO: cols:(Salesman,DocAmt,ProfitCenter,BusinessArea,ItemText,Resvi1,GlAccount,Resvi2,CompCode,CostCenter,PostingKey,PayTerms,IntOrder,RefKey1,AssignNo,CreditControl,RefKey3,RefKey2,SNo) 
vals: VALUES(?,?,?,?,?,?,?,?,?,?,?,?,?,?,?,?,?,?,?)
Mar 21, 2018 2:37:07 PM iam_services.Iam_services Error_logger
INFO: Connection succeeded, hurray!
Mar 21, 2018 2:37:07 PM iam_services.Iam_services Error_logger
INFO: cols:(DocDate,RefNo,FiscalYr,FiscalPd,Resvh1,HeadTxt,CompCode,Resvh2,SNo,Currency,PostDate,ExcRate,DocType) 
vals: VALUES(?,?,?,?,?,?,?,?,?,?,?,?,?)
Mar 21, 2018 2:37:07 PM iam_services.Iam_services Error_logger
INFO: Empty data for ns1:MT_POS_FIUpload
Mar 21, 2018 2:37:07 PM iam_services.Iam_services Error_logger
INFO: Empty data for #document
Mar 21, 2018 2:41:36 PM iam_services.Iam_services Error_logger
INFO: Connection succeeded, hurray!
Mar 21, 2018 2:41:36 PM iam_services.Iam_services Error_logger
INFO: Query->SELECT * FROM CNB_IAM_IN_Record WHERE CONVERT(DATE, [DATE_STAMP]) = CONVERT(DATE, CURRENT_TIMESTAMP);
Mar 21, 2018 2:41:36 PM iam_services.Iam_services Error_logger
INFO: Query->SELECT * FROM CNB_IAM_IN_ItemDetails WHERE  SNo=? 
Mar 21, 2018 2:41:36 PM iam_services.Iam_services Error_logger
INFO: Query->SELECT * FROM CNB_IAM_IN_ItemDetails WHERE  SNo=? 
Mar 21, 2018 2:41:36 PM iam_services.Iam_services Error_logger
INFO: Query->SELECT * FROM CNB_IAM_IN_ItemDetails WHERE  SNo=? 
Mar 21, 2018 2:44:37 PM iam_services.Iam_services Error_logger
INFO: Connection succeeded, hurray!
Mar 21, 2018 2:44:37 PM iam_services.Iam_services Error_logger
INFO: Query->SELECT * FROM CNB_IAM_IN_Record WHERE CONVERT(DATE, [DATE_STAMP]) = CONVERT(DATE, CURRENT_TIMESTAMP);
Mar 21, 2018 2:44:37 PM iam_services.Iam_services Error_logger
INFO: Query->SELECT * FROM CNB_IAM_IN_ItemDetails WHERE  SNo=? 
Mar 21, 2018 2:44:37 PM iam_services.Iam_services Error_logger
INFO: Query->SELECT * FROM CNB_IAM_IN_ItemDetails WHERE  SNo=? 
Mar 21, 2018 2:44:37 PM iam_services.Iam_services Error_logger
INFO: Query->SELECT * FROM CNB_IAM_IN_ItemDetails WHERE  SNo=? 
Mar 21, 2018 3:01:17 PM iam_services.Iam_services Error_logger
INFO: Connection succeeded, hurray!
Mar 21, 2018 3:01:17 PM iam_services.Iam_services Error_logger
INFO: Query->SELECT * FROM CNB_IAM_IN_Record WHERE CONVERT(DATE, [DATE_STAMP]) = CONVERT(DATE, CURRENT_TIMESTAMP);
Mar 21, 2018 3:01:17 PM iam_services.Iam_services Error_logger
INFO: Query->SELECT * FROM CNB_IAM_IN_ItemDetails WHERE  SNo=? 
Mar 21, 2018 3:01:17 PM iam_services.Iam_services Error_logger
INFO: Query->SELECT * FROM CNB_IAM_IN_ItemDetails WHERE  SNo=? 
Mar 21, 2018 3:01:17 PM iam_services.Iam_services Error_logger
INFO: Query->SELECT * FROM CNB_IAM_IN_ItemDetails WHERE  SNo=? 
Mar 21, 2018 3:01:17 PM iam_services.Iam_services Error_logger
SEVERE: buildDoc
javax.xml.transform.TransformerException: java.io.FileNotFoundException: C:\Users\user\Documents\DENNIS\iam_services\inbound_generated\POS_FI_Actual_20180321_150117.xml (The system cannot find the path specified)
	at com.sun.org.apache.xalan.internal.xsltc.trax.TransformerImpl.getOutputHandler(TransformerImpl.java:521)
	at com.sun.org.apache.xalan.internal.xsltc.trax.TransformerImpl.transform(TransformerImpl.java:336)
	at iam_services.xmlprocessing.pos_fi_actual_XML.generateXML(pos_fi_actual_XML.java:63)
	at iam_services.xmlprocessing.pos_fi_actual_XML.main(pos_fi_actual_XML.java:91)
Caused by: java.io.FileNotFoundException: C:\Users\user\Documents\DENNIS\iam_services\inbound_generated\POS_FI_Actual_20180321_150117.xml (The system cannot find the path specified)
	at java.io.FileOutputStream.open0(Native Method)
	at java.io.FileOutputStream.open(FileOutputStream.java:270)
	at java.io.FileOutputStream.<init>(FileOutputStream.java:213)
	at java.io.FileOutputStream.<init>(FileOutputStream.java:101)
	at com.sun.org.apache.xalan.internal.xsltc.trax.TransformerImpl.getOutputHandler(TransformerImpl.java:494)
	... 3 more
---------
java.io.FileNotFoundException: C:\Users\user\Documents\DENNIS\iam_services\inbound_generated\POS_FI_Actual_20180321_150117.xml (The system cannot find the path specified)
	at java.io.FileOutputStream.open0(Native Method)
	at java.io.FileOutputStream.open(FileOutputStream.java:270)
	at java.io.FileOutputStream.<init>(FileOutputStream.java:213)
	at java.io.FileOutputStream.<init>(FileOutputStream.java:101)
	at com.sun.org.apache.xalan.internal.xsltc.trax.TransformerImpl.getOutputHandler(TransformerImpl.java:494)
	at com.sun.org.apache.xalan.internal.xsltc.trax.TransformerImpl.transform(TransformerImpl.java:336)
	at iam_services.xmlprocessing.pos_fi_actual_XML.generateXML(pos_fi_actual_XML.java:63)
	at iam_services.xmlprocessing.pos_fi_actual_XML.main(pos_fi_actual_XML.java:91)

Mar 21, 2018 3:02:42 PM iam_services.Iam_services Error_logger
INFO: Connection succeeded, hurray!
Mar 21, 2018 3:02:42 PM iam_services.Iam_services Error_logger
INFO: Query->SELECT * FROM CNB_IAM_IN_Record WHERE CONVERT(DATE, [DATE_STAMP]) = CONVERT(DATE, CURRENT_TIMESTAMP);
Mar 21, 2018 3:02:42 PM iam_services.Iam_services Error_logger
INFO: Query->SELECT * FROM CNB_IAM_IN_ItemDetails WHERE  SNo=? 
Mar 21, 2018 3:02:42 PM iam_services.Iam_services Error_logger
INFO: Query->SELECT * FROM CNB_IAM_IN_ItemDetails WHERE  SNo=? 
Mar 21, 2018 3:02:42 PM iam_services.Iam_services Error_logger
INFO: Query->SELECT * FROM CNB_IAM_IN_ItemDetails WHERE  SNo=? 
Mar 21, 2018 3:12:53 PM iam_services.Iam_services Error_logger
INFO: Connection succeeded, hurray!
Mar 21, 2018 3:12:53 PM iam_services.Iam_services Error_logger
INFO: Query->SELECT * FROM CNB_IAM_IN_Record WHERE CONVERT(DATE, [DATE_STAMP]) = CONVERT(DATE, CURRENT_TIMESTAMP);
Mar 21, 2018 3:12:53 PM iam_services.Iam_services Error_logger
INFO: Query->SELECT * FROM CNB_IAM_IN_ItemDetails WHERE  SNo=? 
Mar 21, 2018 3:12:53 PM iam_services.Iam_services Error_logger
INFO: Query->SELECT * FROM CNB_IAM_IN_ItemDetails WHERE  SNo=? 
Mar 21, 2018 3:12:53 PM iam_services.Iam_services Error_logger
INFO: Query->SELECT * FROM CNB_IAM_IN_ItemDetails WHERE  SNo=? 
Mar 21, 2018 3:13:08 PM iam_services.Iam_services Error_logger
INFO: Connection succeeded, hurray!
Mar 21, 2018 3:13:08 PM iam_services.Iam_services Error_logger
INFO: Query->SELECT * FROM CNB_IAM_IN_E1WPG01 WHERE CONVERT(DATE, [DATE_STAMP]) = CONVERT(DATE, CURRENT_TIMESTAMP);
Mar 21, 2018 3:13:08 PM iam_services.Iam_services Error_logger
INFO: Query->SELECT * FROM CNB_IAM_IN_E1WPG02 WHERE  BONNUMMER=? 
Mar 21, 2018 3:13:08 PM iam_services.Iam_services Error_logger
INFO: Query->SELECT * FROM CNB_IAM_IN_E1WPG02 WHERE  BONNUMMER=? 
Mar 21, 2018 4:35:05 PM iam_services.Iam_services Error_logger
INFO: Connection succeeded, hurray!
Mar 21, 2018 4:35:05 PM iam_services.Iam_services Error_logger
INFO: Query->SELECT * FROM CNB_IAM_IN_E1WPG01 WHERE CONVERT(DATE, [DATE_STAMP]) = CONVERT(DATE, CURRENT_TIMESTAMP);
Mar 21, 2018 4:35:05 PM iam_services.Iam_services Error_logger
INFO: Query->SELECT * FROM CNB_IAM_IN_E1WPG02 WHERE  BONNUMMER=? 
Mar 21, 2018 4:35:06 PM iam_services.Iam_services Error_logger
INFO: Query->SELECT * FROM CNB_IAM_IN_E1WPG02 WHERE  BONNUMMER=? 
Mar 21, 2018 5:17:45 PM iam_services.Iam_services Error_logger
INFO: Connection succeeded, hurray!
Mar 21, 2018 5:17:45 PM iam_services.Iam_services Error_logger
INFO: Query->SELECT * FROM CNB_IAM_IN_WPUUMS01 WHERE CONVERT(DATE, [DATE_STAMP]) = CONVERT(DATE, CURRENT_TIMESTAMP);
Mar 21, 2018 5:17:45 PM iam_services.Iam_services Error_logger
INFO: Empty records
Mar 21, 2018 5:20:04 PM iam_services.Iam_services Error_logger
INFO: Connection succeeded, hurray!
Mar 21, 2018 5:20:04 PM iam_services.Iam_services Error_logger
INFO: Query->SELECT * FROM CNB_IAM_IN_E1WPU01 WHERE CONVERT(DATE, [DATE_STAMP]) = CONVERT(DATE, CURRENT_TIMESTAMP);
Mar 21, 2018 5:20:04 PM iam_services.Iam_services Error_logger
INFO: Empty records
Mar 21, 2018 5:39:49 PM iam_services.Iam_services Error_logger
INFO: Connection succeeded, hurray!
Mar 21, 2018 5:39:49 PM iam_services.Iam_services Error_logger
INFO: cols:(SERIAL,RCVPRN,DOCREL,SNDPRT,SNDPOR,MESTYP,RCVPRT,RCVPOR,DOCNUM,SNDPRN,TABNAM,MANDT,STATUS,IDOCTYP,CREDAT,CRETIM,DIRECT) 
vals: VALUES(?,?,?,?,?,?,?,?,?,?,?,?,?,?,?,?,?)
Mar 21, 2018 5:39:49 PM iam_services.Iam_services Error_logger
INFO: Connection succeeded, hurray!
Mar 21, 2018 5:39:49 PM iam_services.Iam_services Error_logger
INFO: cols:(TAXCODE,TAXVALUE,TAXSIGN,PACKAGE_ID) 
vals: VALUES(?,?,?,?)
Mar 21, 2018 5:39:49 PM iam_services.Iam_services Error_logger
INFO: Connection succeeded, hurray!
Mar 21, 2018 5:39:49 PM iam_services.Iam_services Error_logger
INFO: cols:(MWSKZ,MWSBT,PACKAGE_ID) 
vals: VALUES(?,?,?)
Mar 21, 2018 5:39:50 PM iam_services.Iam_services Error_logger
INFO: Connection succeeded, hurray!
Mar 21, 2018 5:39:50 PM iam_services.Iam_services Error_logger
INFO: cols:(FLDVAL,FLDGRP,FLDNAME,PACKAGE_ID) 
vals: VALUES(?,?,?,?)
Mar 21, 2018 5:39:50 PM iam_services.Iam_services Error_logger
INFO: Connection succeeded, hurray!
Mar 21, 2018 5:39:50 PM iam_services.Iam_services Error_logger
INFO: cols:(FLDVAL,FLDGRP,FLDNAME,PACKAGE_ID) 
vals: VALUES(?,?,?,?)
Mar 21, 2018 5:39:50 PM iam_services.Iam_services Error_logger
INFO: Connection succeeded, hurray!
Mar 21, 2018 5:39:50 PM iam_services.Iam_services Error_logger
INFO: cols:(QUALARTNR,VORZMENGE,UMSMENGE,VORZWERT,UMSWERT,ARTNR,PACKAGE_ID) 
vals: VALUES(?,?,?,?,?,?,?)
Mar 21, 2018 5:39:50 PM iam_services.Iam_services Error_logger
INFO: Connection succeeded, hurray!
Mar 21, 2018 5:39:50 PM iam_services.Iam_services Error_logger
INFO: cols:(TAXCODE,TAXVALUE,TAXSIGN,PACKAGE_ID) 
vals: VALUES(?,?,?,?)
Mar 21, 2018 5:39:50 PM iam_services.Iam_services Error_logger
INFO: Connection succeeded, hurray!
Mar 21, 2018 5:39:50 PM iam_services.Iam_services Error_logger
INFO: cols:(MWSKZ,MWSBT,PACKAGE_ID) 
vals: VALUES(?,?,?)
Mar 21, 2018 5:39:50 PM iam_services.Iam_services Error_logger
INFO: Connection succeeded, hurray!
Mar 21, 2018 5:39:50 PM iam_services.Iam_services Error_logger
INFO: cols:(FLDVAL,FLDGRP,FLDNAME,PACKAGE_ID) 
vals: VALUES(?,?,?,?)
Mar 21, 2018 5:39:50 PM iam_services.Iam_services Error_logger
INFO: Connection succeeded, hurray!
Mar 21, 2018 5:39:50 PM iam_services.Iam_services Error_logger
INFO: cols:(FLDVAL,FLDGRP,FLDNAME,PACKAGE_ID) 
vals: VALUES(?,?,?,?)
Mar 21, 2018 5:39:50 PM iam_services.Iam_services Error_logger
INFO: Connection succeeded, hurray!
Mar 21, 2018 5:39:50 PM iam_services.Iam_services Error_logger
INFO: cols:(QUALARTNR,VORZMENGE,UMSMENGE,VORZWERT,UMSWERT,ARTNR,PACKAGE_ID) 
vals: VALUES(?,?,?,?,?,?,?)
Mar 21, 2018 5:39:50 PM iam_services.Iam_services Error_logger
INFO: Connection succeeded, hurray!
Mar 21, 2018 5:39:50 PM iam_services.Iam_services Error_logger
INFO: cols:(TAXCODE,TAXVALUE,TAXSIGN,PACKAGE_ID) 
vals: VALUES(?,?,?,?)
Mar 21, 2018 5:39:50 PM iam_services.Iam_services Error_logger
INFO: Connection succeeded, hurray!
Mar 21, 2018 5:39:50 PM iam_services.Iam_services Error_logger
INFO: cols:(MWSKZ,MWSBT,PACKAGE_ID) 
vals: VALUES(?,?,?)
Mar 21, 2018 5:39:50 PM iam_services.Iam_services Error_logger
INFO: Connection succeeded, hurray!
Mar 21, 2018 5:39:50 PM iam_services.Iam_services Error_logger
INFO: cols:(FLDVAL,FLDGRP,FLDNAME,PACKAGE_ID) 
vals: VALUES(?,?,?,?)
Mar 21, 2018 5:39:50 PM iam_services.Iam_services Error_logger
INFO: Connection succeeded, hurray!
Mar 21, 2018 5:39:50 PM iam_services.Iam_services Error_logger
INFO: cols:(FLDVAL,FLDGRP,FLDNAME,PACKAGE_ID) 
vals: VALUES(?,?,?,?)
Mar 21, 2018 5:39:50 PM iam_services.Iam_services Error_logger
INFO: Connection succeeded, hurray!
Mar 21, 2018 5:39:50 PM iam_services.Iam_services Error_logger
INFO: cols:(QUALARTNR,VORZMENGE,UMSMENGE,VORZWERT,UMSWERT,ARTNR,PACKAGE_ID) 
vals: VALUES(?,?,?,?,?,?,?)
Mar 21, 2018 5:39:50 PM iam_services.Iam_services Error_logger
INFO: Connection succeeded, hurray!
Mar 21, 2018 5:39:50 PM iam_services.Iam_services Error_logger
INFO: cols:(TAXCODE,TAXVALUE,TAXSIGN,PACKAGE_ID) 
vals: VALUES(?,?,?,?)
Mar 21, 2018 5:39:50 PM iam_services.Iam_services Error_logger
INFO: Connection succeeded, hurray!
Mar 21, 2018 5:39:50 PM iam_services.Iam_services Error_logger
INFO: cols:(MWSKZ,MWSBT,PACKAGE_ID) 
vals: VALUES(?,?,?)
Mar 21, 2018 5:39:51 PM iam_services.Iam_services Error_logger
INFO: Connection succeeded, hurray!
Mar 21, 2018 5:39:51 PM iam_services.Iam_services Error_logger
INFO: cols:(FLDVAL,FLDGRP,FLDNAME,PACKAGE_ID) 
vals: VALUES(?,?,?,?)
Mar 21, 2018 5:39:51 PM iam_services.Iam_services Error_logger
INFO: Connection succeeded, hurray!
Mar 21, 2018 5:39:51 PM iam_services.Iam_services Error_logger
INFO: cols:(FLDVAL,FLDGRP,FLDNAME,PACKAGE_ID) 
vals: VALUES(?,?,?,?)
Mar 21, 2018 5:39:51 PM iam_services.Iam_services Error_logger
INFO: Connection succeeded, hurray!
Mar 21, 2018 5:39:51 PM iam_services.Iam_services Error_logger
INFO: cols:(QUALARTNR,VORZMENGE,UMSMENGE,VORZWERT,UMSWERT,ARTNR,PACKAGE_ID) 
vals: VALUES(?,?,?,?,?,?,?)
Mar 21, 2018 5:39:51 PM iam_services.Iam_services Error_logger
INFO: Connection succeeded, hurray!
Mar 21, 2018 5:39:51 PM iam_services.Iam_services Error_logger
INFO: cols:(TAXCODE,TAXVALUE,TAXSIGN,PACKAGE_ID) 
vals: VALUES(?,?,?,?)
Mar 21, 2018 5:39:51 PM iam_services.Iam_services Error_logger
INFO: Connection succeeded, hurray!
Mar 21, 2018 5:39:51 PM iam_services.Iam_services Error_logger
INFO: cols:(MWSKZ,MWSBT,PACKAGE_ID) 
vals: VALUES(?,?,?)
Mar 21, 2018 5:39:51 PM iam_services.Iam_services Error_logger
INFO: Connection succeeded, hurray!
Mar 21, 2018 5:39:51 PM iam_services.Iam_services Error_logger
INFO: cols:(FLDVAL,FLDGRP,FLDNAME,PACKAGE_ID) 
vals: VALUES(?,?,?,?)
Mar 21, 2018 5:39:51 PM iam_services.Iam_services Error_logger
INFO: Connection succeeded, hurray!
Mar 21, 2018 5:39:51 PM iam_services.Iam_services Error_logger
INFO: cols:(FLDVAL,FLDGRP,FLDNAME,PACKAGE_ID) 
vals: VALUES(?,?,?,?)
Mar 21, 2018 5:39:51 PM iam_services.Iam_services Error_logger
INFO: Connection succeeded, hurray!
Mar 21, 2018 5:39:51 PM iam_services.Iam_services Error_logger
INFO: cols:(QUALARTNR,VORZMENGE,UMSMENGE,VORZWERT,UMSWERT,ARTNR,PACKAGE_ID) 
vals: VALUES(?,?,?,?,?,?,?)
Mar 21, 2018 5:39:51 PM iam_services.Iam_services Error_logger
INFO: Connection succeeded, hurray!
Mar 21, 2018 5:39:51 PM iam_services.Iam_services Error_logger
INFO: cols:(TAXCODE,TAXVALUE,TAXSIGN,PACKAGE_ID) 
vals: VALUES(?,?,?,?)
Mar 21, 2018 5:39:51 PM iam_services.Iam_services Error_logger
INFO: Connection succeeded, hurray!
Mar 21, 2018 5:39:51 PM iam_services.Iam_services Error_logger
INFO: cols:(MWSKZ,MWSBT,PACKAGE_ID) 
vals: VALUES(?,?,?)
Mar 21, 2018 5:39:51 PM iam_services.Iam_services Error_logger
INFO: Connection succeeded, hurray!
Mar 21, 2018 5:39:51 PM iam_services.Iam_services Error_logger
INFO: cols:(FLDVAL,FLDGRP,FLDNAME,PACKAGE_ID) 
vals: VALUES(?,?,?,?)
Mar 21, 2018 5:39:51 PM iam_services.Iam_services Error_logger
INFO: Connection succeeded, hurray!
Mar 21, 2018 5:39:51 PM iam_services.Iam_services Error_logger
INFO: cols:(FLDVAL,FLDGRP,FLDNAME,PACKAGE_ID) 
vals: VALUES(?,?,?,?)
Mar 21, 2018 5:39:51 PM iam_services.Iam_services Error_logger
INFO: Connection succeeded, hurray!
Mar 21, 2018 5:39:51 PM iam_services.Iam_services Error_logger
INFO: cols:(QUALARTNR,VORZMENGE,UMSMENGE,VORZWERT,UMSWERT,ARTNR,PACKAGE_ID) 
vals: VALUES(?,?,?,?,?,?,?)
Mar 21, 2018 5:39:51 PM iam_services.Iam_services Error_logger
INFO: Connection succeeded, hurray!
Mar 21, 2018 5:39:51 PM iam_services.Iam_services Error_logger
INFO: cols:(TAXCODE,TAXVALUE,TAXSIGN,PACKAGE_ID) 
vals: VALUES(?,?,?,?)
Mar 21, 2018 5:39:51 PM iam_services.Iam_services Error_logger
INFO: Connection succeeded, hurray!
Mar 21, 2018 5:39:51 PM iam_services.Iam_services Error_logger
INFO: cols:(MWSKZ,MWSBT,PACKAGE_ID) 
vals: VALUES(?,?,?)
Mar 21, 2018 5:39:51 PM iam_services.Iam_services Error_logger
INFO: Connection succeeded, hurray!
Mar 21, 2018 5:39:51 PM iam_services.Iam_services Error_logger
INFO: cols:(FLDVAL,FLDGRP,FLDNAME,PACKAGE_ID) 
vals: VALUES(?,?,?,?)
Mar 21, 2018 5:39:51 PM iam_services.Iam_services Error_logger
INFO: Connection succeeded, hurray!
Mar 21, 2018 5:39:51 PM iam_services.Iam_services Error_logger
INFO: cols:(FLDVAL,FLDGRP,FLDNAME,PACKAGE_ID) 
vals: VALUES(?,?,?,?)
Mar 21, 2018 5:39:51 PM iam_services.Iam_services Error_logger
INFO: Connection succeeded, hurray!
Mar 21, 2018 5:39:51 PM iam_services.Iam_services Error_logger
INFO: cols:(QUALARTNR,VORZMENGE,UMSMENGE,VORZWERT,UMSWERT,ARTNR,PACKAGE_ID) 
vals: VALUES(?,?,?,?,?,?,?)
Mar 21, 2018 5:39:51 PM iam_services.Iam_services Error_logger
INFO: Connection succeeded, hurray!
Mar 21, 2018 5:39:51 PM iam_services.Iam_services Error_logger
INFO: cols:(TAXCODE,TAXVALUE,TAXSIGN,PACKAGE_ID) 
vals: VALUES(?,?,?,?)
Mar 21, 2018 5:39:51 PM iam_services.Iam_services Error_logger
INFO: Connection succeeded, hurray!
Mar 21, 2018 5:39:51 PM iam_services.Iam_services Error_logger
INFO: cols:(MWSKZ,MWSBT,PACKAGE_ID) 
vals: VALUES(?,?,?)
Mar 21, 2018 5:39:51 PM iam_services.Iam_services Error_logger
INFO: Connection succeeded, hurray!
Mar 21, 2018 5:39:51 PM iam_services.Iam_services Error_logger
INFO: cols:(FLDVAL,FLDGRP,FLDNAME,PACKAGE_ID) 
vals: VALUES(?,?,?,?)
Mar 21, 2018 5:39:51 PM iam_services.Iam_services Error_logger
INFO: Connection succeeded, hurray!
Mar 21, 2018 5:39:51 PM iam_services.Iam_services Error_logger
INFO: cols:(FLDVAL,FLDGRP,FLDNAME,PACKAGE_ID) 
vals: VALUES(?,?,?,?)
Mar 21, 2018 5:39:51 PM iam_services.Iam_services Error_logger
INFO: Connection succeeded, hurray!
Mar 21, 2018 5:39:51 PM iam_services.Iam_services Error_logger
INFO: cols:(QUALARTNR,VORZMENGE,UMSMENGE,VORZWERT,UMSWERT,ARTNR,PACKAGE_ID) 
vals: VALUES(?,?,?,?,?,?,?)
Mar 21, 2018 5:39:51 PM iam_services.Iam_services Error_logger
INFO: Connection succeeded, hurray!
Mar 21, 2018 5:39:51 PM iam_services.Iam_services Error_logger
INFO: cols:(TAXCODE,TAXVALUE,TAXSIGN,PACKAGE_ID) 
vals: VALUES(?,?,?,?)
Mar 21, 2018 5:39:51 PM iam_services.Iam_services Error_logger
INFO: Connection succeeded, hurray!
Mar 21, 2018 5:39:51 PM iam_services.Iam_services Error_logger
INFO: cols:(MWSKZ,MWSBT,PACKAGE_ID) 
vals: VALUES(?,?,?)
Mar 21, 2018 5:39:51 PM iam_services.Iam_services Error_logger
INFO: Connection succeeded, hurray!
Mar 21, 2018 5:39:51 PM iam_services.Iam_services Error_logger
INFO: cols:(FLDVAL,FLDGRP,FLDNAME,PACKAGE_ID) 
vals: VALUES(?,?,?,?)
Mar 21, 2018 5:39:51 PM iam_services.Iam_services Error_logger
INFO: Connection succeeded, hurray!
Mar 21, 2018 5:39:51 PM iam_services.Iam_services Error_logger
INFO: cols:(FLDVAL,FLDGRP,FLDNAME,PACKAGE_ID) 
vals: VALUES(?,?,?,?)
Mar 21, 2018 5:39:51 PM iam_services.Iam_services Error_logger
INFO: Connection succeeded, hurray!
Mar 21, 2018 5:39:51 PM iam_services.Iam_services Error_logger
INFO: cols:(QUALARTNR,VORZMENGE,UMSMENGE,VORZWERT,UMSWERT,ARTNR,PACKAGE_ID) 
vals: VALUES(?,?,?,?,?,?,?)
Mar 21, 2018 5:39:51 PM iam_services.Iam_services Error_logger
INFO: Connection succeeded, hurray!
Mar 21, 2018 5:39:51 PM iam_services.Iam_services Error_logger
INFO: cols:(TAXCODE,TAXVALUE,TAXSIGN,PACKAGE_ID) 
vals: VALUES(?,?,?,?)
Mar 21, 2018 5:39:51 PM iam_services.Iam_services Error_logger
INFO: Connection succeeded, hurray!
Mar 21, 2018 5:39:51 PM iam_services.Iam_services Error_logger
INFO: cols:(MWSKZ,MWSBT,PACKAGE_ID) 
vals: VALUES(?,?,?)
Mar 21, 2018 5:39:51 PM iam_services.Iam_services Error_logger
INFO: Connection succeeded, hurray!
Mar 21, 2018 5:39:51 PM iam_services.Iam_services Error_logger
INFO: cols:(FLDVAL,FLDGRP,FLDNAME,PACKAGE_ID) 
vals: VALUES(?,?,?,?)
Mar 21, 2018 5:39:51 PM iam_services.Iam_services Error_logger
INFO: Connection succeeded, hurray!
Mar 21, 2018 5:39:51 PM iam_services.Iam_services Error_logger
INFO: cols:(FLDVAL,FLDGRP,FLDNAME,PACKAGE_ID) 
vals: VALUES(?,?,?,?)
Mar 21, 2018 5:39:52 PM iam_services.Iam_services Error_logger
INFO: Connection succeeded, hurray!
Mar 21, 2018 5:39:52 PM iam_services.Iam_services Error_logger
INFO: cols:(QUALARTNR,VORZMENGE,UMSMENGE,VORZWERT,UMSWERT,ARTNR,PACKAGE_ID) 
vals: VALUES(?,?,?,?,?,?,?)
Mar 21, 2018 5:39:52 PM iam_services.Iam_services Error_logger
INFO: Connection succeeded, hurray!
Mar 21, 2018 5:39:52 PM iam_services.Iam_services Error_logger
INFO: cols:(TAXCODE,TAXVALUE,TAXSIGN,PACKAGE_ID) 
vals: VALUES(?,?,?,?)
Mar 21, 2018 5:39:52 PM iam_services.Iam_services Error_logger
INFO: Connection succeeded, hurray!
Mar 21, 2018 5:39:52 PM iam_services.Iam_services Error_logger
INFO: cols:(MWSKZ,MWSBT,PACKAGE_ID) 
vals: VALUES(?,?,?)
Mar 21, 2018 5:39:52 PM iam_services.Iam_services Error_logger
INFO: Connection succeeded, hurray!
Mar 21, 2018 5:39:52 PM iam_services.Iam_services Error_logger
INFO: cols:(FLDVAL,FLDGRP,FLDNAME,PACKAGE_ID) 
vals: VALUES(?,?,?,?)
Mar 21, 2018 5:39:52 PM iam_services.Iam_services Error_logger
INFO: Connection succeeded, hurray!
Mar 21, 2018 5:39:52 PM iam_services.Iam_services Error_logger
INFO: cols:(FLDVAL,FLDGRP,FLDNAME,PACKAGE_ID) 
vals: VALUES(?,?,?,?)
Mar 21, 2018 5:39:52 PM iam_services.Iam_services Error_logger
INFO: Connection succeeded, hurray!
Mar 21, 2018 5:39:52 PM iam_services.Iam_services Error_logger
INFO: cols:(QUALARTNR,VORZMENGE,UMSMENGE,VORZWERT,UMSWERT,ARTNR,PACKAGE_ID) 
vals: VALUES(?,?,?,?,?,?,?)
Mar 21, 2018 5:39:52 PM iam_services.Iam_services Error_logger
INFO: Connection succeeded, hurray!
Mar 21, 2018 5:39:52 PM iam_services.Iam_services Error_logger
INFO: cols:(BELEGWAERS,BELEGDATUM,PACKAGE_ID,ARTNR) 
vals: VALUES(?,?,?,?)
Mar 21, 2018 5:39:52 PM iam_services.Iam_services Error_logger
INFO: Empty data for IDOC
Mar 21, 2018 5:39:52 PM iam_services.Iam_services Error_logger
INFO: Empty data for WPUUMS01
Mar 21, 2018 5:39:52 PM iam_services.Iam_services Error_logger
INFO: Empty data for #document
