Mar 19, 2018 2:26:06 PM iam_services.Iam_services Error_logger
INFO: 8 new Files found
Mar 19, 2018 2:26:06 PM iam_services.Iam_services Error_logger
INFO: Connection succeeded, hurray!
Mar 19, 2018 2:26:06 PM iam_services.Iam_services Error_logger
INFO: Processing file->1
Mar 19, 2018 2:26:06 PM iam_services.Iam_services Error_logger
INFO: Processing file->2
Mar 19, 2018 2:26:06 PM iam_services.Iam_services Error_logger
INFO: Processing file->3
Mar 19, 2018 2:26:06 PM iam_services.Iam_services Error_logger
INFO: Processing file->4
Mar 19, 2018 2:26:06 PM iam_services.Iam_services Error_logger
INFO: Processing file->5
Mar 19, 2018 2:26:06 PM iam_services.Iam_services Error_logger
INFO: Processing file->6
Mar 19, 2018 2:26:06 PM iam_services.Iam_services Error_logger
INFO: Processing file->7
Mar 19, 2018 2:26:06 PM iam_services.Iam_services Error_logger
INFO: Processing file->8
Mar 19, 2018 3:11:46 PM iam_services.Iam_services Error_logger
INFO: 8 new Files found
Mar 19, 2018 3:11:47 PM iam_services.Iam_services Error_logger
INFO: Connection succeeded, hurray!
Mar 19, 2018 3:11:47 PM iam_services.Iam_services Error_logger
INFO: Processing file->1
Mar 19, 2018 3:11:47 PM iam_services.Iam_services Error_logger
INFO: Processing file->2
Mar 19, 2018 3:11:47 PM iam_services.Iam_services Error_logger
INFO: Processing file->3
Mar 19, 2018 3:11:47 PM iam_services.Iam_services Error_logger
INFO: Processing file->4
Mar 19, 2018 3:11:47 PM iam_services.Iam_services Error_logger
INFO: Processing file->5
Mar 19, 2018 3:11:47 PM iam_services.Iam_services Error_logger
INFO: Processing file->6
Mar 19, 2018 3:11:47 PM iam_services.Iam_services Error_logger
INFO: Processing file->7
Mar 19, 2018 3:11:47 PM iam_services.Iam_services Error_logger
INFO: Processing file->8
Mar 19, 2018 3:21:47 PM iam_services.Iam_services Error_logger
INFO: Sytem system alive
Mar 19, 2018 3:21:47 PM iam_services.Iam_services Error_logger
INFO: 0 new Files found
Mar 19, 2018 3:31:47 PM iam_services.Iam_services Error_logger
INFO: Sytem system alive
Mar 19, 2018 3:31:47 PM iam_services.Iam_services Error_logger
INFO: 0 new Files found
Mar 19, 2018 5:16:48 PM iam_services.Iam_services Error_logger
INFO: Connection succeeded, hurray!
Mar 19, 2018 5:17:44 PM iam_services.Iam_services Error_logger
INFO: Connection succeeded, hurray!
