Mar 12, 2018 3:37:06 PM iam_services.Iam_services Error_logger
SEVERE: doWork
java.lang.Exception: Sytem system started
	at iam_services.Iam_services.doWork(Iam_services.java:75)
	at iam_services.Iam_services.main(Iam_services.java:60)

Mar 12, 2018 3:39:18 PM iam_services.Iam_services Error_logger
SEVERE: doWork
java.lang.Exception: Sytem system started
	at iam_services.Iam_services.doWork(Iam_services.java:75)
	at iam_services.Iam_services.main(Iam_services.java:60)

Mar 12, 2018 3:39:18 PM iam_services.Iam_services Error_logger
SEVERE: DB
java.lang.Exception: 0 new Files found
	at iam_services.Iam_services.check_files(Iam_services.java:261)
	at iam_services.Iam_services.doWork(Iam_services.java:79)
	at iam_services.Iam_services.main(Iam_services.java:60)

Mar 12, 2018 3:40:18 PM iam_services.Iam_services Error_logger
SEVERE: doWork
java.lang.Exception: Sytem system alive
	at iam_services.Iam_services.doWork(Iam_services.java:85)
	at iam_services.Iam_services.main(Iam_services.java:60)

Mar 12, 2018 3:40:18 PM iam_services.Iam_services Error_logger
SEVERE: DB
java.lang.Exception: 0 new Files found
	at iam_services.Iam_services.check_files(Iam_services.java:261)
	at iam_services.Iam_services.doWork(Iam_services.java:79)
	at iam_services.Iam_services.main(Iam_services.java:60)

Mar 12, 2018 3:41:18 PM iam_services.Iam_services Error_logger
SEVERE: doWork
java.lang.Exception: Sytem system alive
	at iam_services.Iam_services.doWork(Iam_services.java:85)
	at iam_services.Iam_services.main(Iam_services.java:60)

Mar 12, 2018 3:41:18 PM iam_services.Iam_services Error_logger
SEVERE: DB
java.lang.Exception: 0 new Files found
	at iam_services.Iam_services.check_files(Iam_services.java:261)
	at iam_services.Iam_services.doWork(Iam_services.java:79)
	at iam_services.Iam_services.main(Iam_services.java:60)

