Mar 16, 2018 2:53:06 PM iam_services.Iam_services Error_logger
SEVERE: getConnetionString
java.io.FileNotFoundException: iam_service_settings.xml (The system cannot find the file specified)
	at java.io.FileInputStream.open0(Native Method)
	at java.io.FileInputStream.open(FileInputStream.java:195)
	at java.io.FileInputStream.<init>(FileInputStream.java:138)
	at iam_services.Iam_services.getSettings(Iam_services.java:113)
	at iam_services.Iam_services.check_files(Iam_services.java:260)
	at iam_services.Iam_services.check_files(Iam_services.java:256)
	at iam_services.Iam_services.doWork(Iam_services.java:81)
	at iam_services.Iam_services.main(Iam_services.java:63)

Mar 16, 2018 2:53:51 PM iam_services.Iam_services Error_logger
INFO: Connectiong to ftp server at ftp.drivehq.com:21, with @username:babaviz &  @password:4617dennis_
Mar 16, 2018 2:53:52 PM iam_services.Iam_services Error_logger
INFO: SERVER reply: 220 Welcome to the most popular FTP hosting service! Save on hardware, software, hosting and admin. Share files/folders with read-write permission. Visit http://www.drivehq.com/ftp/;
Mar 16, 2018 2:53:53 PM iam_services.Iam_services Error_logger
INFO: SERVER reply: 230 User babaviz logged on. Free service has restrictions and is slower.
Mar 16, 2018 2:53:53 PM iam_services.Iam_services Error_logger
INFO: Now connected to ftp server successfully
Mar 16, 2018 2:53:55 PM iam_services.Iam_services Error_logger
INFO: 0  Files found
Mar 16, 2018 2:56:33 PM iam_services.Iam_services Error_logger
INFO: Connectiong to ftp server at ftp.drivehq.com:21, with @username:babaviz &  @password:4617dennis_
Mar 16, 2018 2:56:33 PM iam_services.Iam_services Error_logger
INFO: SERVER reply: 220 Welcome to the most popular FTP hosting service! Save on hardware, software, hosting and admin. Share files/folders with read-write permission. Visit http://www.drivehq.com/ftp/;
Mar 16, 2018 2:56:34 PM iam_services.Iam_services Error_logger
INFO: SERVER reply: 230 User babaviz logged on. Free service has restrictions and is slower.
Mar 16, 2018 2:56:34 PM iam_services.Iam_services Error_logger
INFO: Now connected to ftp server successfully
Mar 16, 2018 2:56:34 PM iam_services.Iam_services Error_logger
INFO: Dircetory:/xml
Mar 16, 2018 2:56:36 PM iam_services.Iam_services Error_logger
INFO: 0  Files found
Mar 16, 2018 2:57:42 PM iam_services.Iam_services Error_logger
INFO: Connectiong to ftp server at ftp.drivehq.com:21, with @username:babaviz &  @password:4617dennis_
Mar 16, 2018 2:57:42 PM iam_services.Iam_services Error_logger
INFO: SERVER reply: 220 Welcome to the most popular FTP hosting service! Save on hardware, software, hosting and admin. Share files/folders with read-write permission. Visit http://www.drivehq.com/ftp/;
Mar 16, 2018 2:57:43 PM iam_services.Iam_services Error_logger
INFO: SERVER reply: 230 User babaviz logged on. Free service has restrictions and is slower.
Mar 16, 2018 2:57:43 PM iam_services.Iam_services Error_logger
INFO: Now connected to ftp server successfully
Mar 16, 2018 2:57:43 PM iam_services.Iam_services Error_logger
INFO: Dircetory:/xml
Mar 16, 2018 2:57:45 PM iam_services.Iam_services Error_logger
INFO: 0  Files found
