Apr 25, 2018 11:02:19 AM iam_services.Iam_services Error_logger
INFO: 5 new Files found
Apr 25, 2018 11:02:19 AM iam_services.Iam_services Error_logger
INFO: Connection succeeded, hurray!
Apr 25, 2018 11:02:19 AM iam_services.Iam_services Error_logger
INFO: Processing file->1[C:\Users\user\Documents\DENNIS\allsamples\artmas_20180221-202814-535.xml]
Apr 25, 2018 11:02:20 AM iam_services.Iam_services Error_logger
INFO: Processing file->2[C:\Users\user\Documents\DENNIS\allsamples\artmas_20180221-202815-678.xml]
Apr 25, 2018 11:02:21 AM iam_services.Iam_services Error_logger
INFO: Processing file->3[C:\Users\user\Documents\DENNIS\allsamples\artmas_20180221-202816-905.xml]
Apr 25, 2018 11:02:21 AM iam_services.Iam_services Error_logger
INFO: Processing file->4[C:\Users\user\Documents\DENNIS\allsamples\artmas_20180221-202818-115.xml]
Apr 25, 2018 11:02:21 AM iam_services.Iam_services Error_logger
INFO: Processing file->5[C:\Users\user\Documents\DENNIS\allsamples\artmas_20180221-202819-353.xml]
Apr 25, 2018 11:02:22 AM iam_services.Iam_services Error_logger
INFO: Query->UPDATE CNB_IAM_IN_Record SET READ_FLG = 1 OUTPUT inserted.* WHERE  (READ_FLG = 0 OR READ_FLG IS NULL) AND CONVERT(DATE, [DATE_STAMP]) = CONVERT(DATE, CURRENT_TIMESTAMP) ;
Apr 25, 2018 11:02:22 AM iam_services.Iam_services Error_logger
INFO: Empty records
Apr 25, 2018 12:08:43 PM iam_services.Iam_services Error_logger
INFO: 3 new Files found
Apr 25, 2018 12:08:43 PM iam_services.Iam_services Error_logger
INFO: Connection succeeded, hurray!
Apr 25, 2018 12:08:43 PM iam_services.Iam_services Error_logger
INFO: Processing file->1[C:\Users\user\Documents\DENNIS\allsamples\ean_20180208-144052-543.xml]
Apr 25, 2018 12:08:43 PM iam_services.Iam_services Error_logger
INFO: Processing file->2[C:\Users\user\Documents\DENNIS\allsamples\ean_20180320-103922-911.xml]
Apr 25, 2018 12:08:43 PM iam_services.Iam_services Error_logger
INFO: Processing file->3[C:\Users\user\Documents\DENNIS\allsamples\ean_20180328-155618-122.xml]
Apr 25, 2018 12:08:43 PM iam_services.Iam_services Error_logger
INFO: Query->UPDATE CNB_IAM_IN_Record SET READ_FLG = 1 OUTPUT inserted.* WHERE  (READ_FLG = 0 OR READ_FLG IS NULL) AND CONVERT(DATE, [DATE_STAMP]) = CONVERT(DATE, CURRENT_TIMESTAMP) ;
Apr 25, 2018 12:08:43 PM iam_services.Iam_services Error_logger
INFO: Empty records
