Apr 09, 2018 2:35:33 PM iam_services.Iam_services Error_logger
INFO: 202 new Files found
Apr 09, 2018 2:35:34 PM iam_services.Iam_services Error_logger
INFO: Connection succeeded, hurray!
Apr 09, 2018 2:35:34 PM iam_services.Iam_services Error_logger
INFO: Processing file->1[C:\Users\user\Documents\DENNIS\allsamples\artmas_20180208-072021-938.xml]
Apr 09, 2018 2:35:34 PM iam_services.Iam_services Error_logger
INFO: Processing file->2[C:\Users\user\Documents\DENNIS\allsamples\artmas_20180320-101005-775.xml]
Apr 09, 2018 2:35:34 PM iam_services.Iam_services Error_logger
INFO: Processing file->3[C:\Users\user\Documents\DENNIS\allsamples\artmas_20180328-155618-024.xml]
Apr 09, 2018 2:35:34 PM iam_services.Iam_services Error_logger
INFO: Processing file->4[C:\Users\user\Documents\DENNIS\allsamples\brand_20180213-115212-179.xml]
Apr 09, 2018 2:35:34 PM iam_services.Iam_services Error_logger
INFO: Processing file->5[C:\Users\user\Documents\DENNIS\allsamples\brand_20180320-110729-129.xml]
Apr 09, 2018 2:35:34 PM iam_services.Iam_services Error_logger
INFO: Processing file->6[C:\Users\user\Documents\DENNIS\allsamples\brand_20180320-110729-170.xml]
Apr 09, 2018 2:35:34 PM iam_services.Iam_services Error_logger
INFO: Processing file->7[C:\Users\user\Documents\DENNIS\allsamples\brand_20180328-160205-914.xml]
Apr 09, 2018 2:35:34 PM iam_services.Iam_services Error_logger
INFO: Processing file->8[C:\Users\user\Documents\DENNIS\allsamples\brand_20180328-160205-927.xml]
Apr 09, 2018 2:35:34 PM iam_services.Iam_services Error_logger
INFO: Processing file->9[C:\Users\user\Documents\DENNIS\allsamples\brand_20180328-160206-028.xml]
Apr 09, 2018 2:35:34 PM iam_services.Iam_services Error_logger
INFO: Processing file->10[C:\Users\user\Documents\DENNIS\allsamples\brand_20180328-160206-137.xml]
Apr 09, 2018 2:35:34 PM iam_services.Iam_services Error_logger
INFO: Processing file->11[C:\Users\user\Documents\DENNIS\allsamples\brand_20180328-160206-246.xml]
Apr 09, 2018 2:35:34 PM iam_services.Iam_services Error_logger
INFO: Processing file->12[C:\Users\user\Documents\DENNIS\allsamples\brand_20180328-160206-340.xml]
Apr 09, 2018 2:35:34 PM iam_services.Iam_services Error_logger
INFO: Processing file->13[C:\Users\user\Documents\DENNIS\allsamples\brand_20180328-160206-446.xml]
Apr 09, 2018 2:35:34 PM iam_services.Iam_services Error_logger
INFO: Processing file->14[C:\Users\user\Documents\DENNIS\allsamples\brand_20180328-160206-511.xml]
Apr 09, 2018 2:35:34 PM iam_services.Iam_services Error_logger
INFO: Processing file->15[C:\Users\user\Documents\DENNIS\allsamples\brand_20180328-160206-614.xml]
Apr 09, 2018 2:35:34 PM iam_services.Iam_services Error_logger
INFO: Processing file->16[C:\Users\user\Documents\DENNIS\allsamples\brand_20180328-160206-819.xml]
Apr 09, 2018 2:35:34 PM iam_services.Iam_services Error_logger
INFO: Processing file->17[C:\Users\user\Documents\DENNIS\allsamples\brand_20180328-160206-864.xml]
Apr 09, 2018 2:35:34 PM iam_services.Iam_services Error_logger
INFO: Processing file->18[C:\Users\user\Documents\DENNIS\allsamples\brand_20180328-160206-967.xml]
Apr 09, 2018 2:35:34 PM iam_services.Iam_services Error_logger
INFO: Processing file->19[C:\Users\user\Documents\DENNIS\allsamples\brand_20180328-160207-094.xml]
Apr 09, 2018 2:35:34 PM iam_services.Iam_services Error_logger
INFO: Processing file->20[C:\Users\user\Documents\DENNIS\allsamples\brand_20180328-160207-351.xml]
Apr 09, 2018 2:35:34 PM iam_services.Iam_services Error_logger
INFO: Processing file->21[C:\Users\user\Documents\DENNIS\allsamples\brand_20180328-160207-597.xml]
Apr 09, 2018 2:35:34 PM iam_services.Iam_services Error_logger
INFO: Processing file->22[C:\Users\user\Documents\DENNIS\allsamples\brand_20180328-160207-826.xml]
Apr 09, 2018 2:35:34 PM iam_services.Iam_services Error_logger
INFO: Processing file->23[C:\Users\user\Documents\DENNIS\allsamples\brand_20180328-160207-943.xml]
Apr 09, 2018 2:35:34 PM iam_services.Iam_services Error_logger
INFO: Processing file->24[C:\Users\user\Documents\DENNIS\allsamples\brand_20180328-160208-045.xml]
Apr 09, 2018 2:35:34 PM iam_services.Iam_services Error_logger
INFO: Processing file->25[C:\Users\user\Documents\DENNIS\allsamples\brand_20180328-160208-142.xml]
Apr 09, 2018 2:35:34 PM iam_services.Iam_services Error_logger
INFO: Processing file->26[C:\Users\user\Documents\DENNIS\allsamples\brand_20180328-160208-249.xml]
Apr 09, 2018 2:35:34 PM iam_services.Iam_services Error_logger
INFO: Processing file->27[C:\Users\user\Documents\DENNIS\allsamples\brand_20180328-160208-350.xml]
Apr 09, 2018 2:35:34 PM iam_services.Iam_services Error_logger
INFO: Processing file->28[C:\Users\user\Documents\DENNIS\allsamples\brand_20180328-160208-483.xml]
Apr 09, 2018 2:35:34 PM iam_services.Iam_services Error_logger
INFO: Processing file->29[C:\Users\user\Documents\DENNIS\allsamples\brand_20180328-160208-584.xml]
Apr 09, 2018 2:35:34 PM iam_services.Iam_services Error_logger
INFO: Processing file->30[C:\Users\user\Documents\DENNIS\allsamples\brand_20180328-160208-714.xml]
Apr 09, 2018 2:35:34 PM iam_services.Iam_services Error_logger
INFO: Processing file->31[C:\Users\user\Documents\DENNIS\allsamples\brand_20180328-160208-805.xml]
Apr 09, 2018 2:35:34 PM iam_services.Iam_services Error_logger
INFO: Processing file->32[C:\Users\user\Documents\DENNIS\allsamples\brand_20180328-160208-970.xml]
Apr 09, 2018 2:35:35 PM iam_services.Iam_services Error_logger
INFO: Processing file->33[C:\Users\user\Documents\DENNIS\allsamples\brand_20180328-160209-047.xml]
Apr 09, 2018 2:35:35 PM iam_services.Iam_services Error_logger
INFO: Processing file->34[C:\Users\user\Documents\DENNIS\allsamples\brand_20180328-160209-138.xml]
Apr 09, 2018 2:35:35 PM iam_services.Iam_services Error_logger
INFO: Processing file->35[C:\Users\user\Documents\DENNIS\allsamples\brand_20180328-160209-244.xml]
Apr 09, 2018 2:35:35 PM iam_services.Iam_services Error_logger
INFO: Processing file->36[C:\Users\user\Documents\DENNIS\allsamples\brand_20180328-160209-352.xml]
Apr 09, 2018 2:35:35 PM iam_services.Iam_services Error_logger
INFO: Processing file->37[C:\Users\user\Documents\DENNIS\allsamples\brand_20180328-160209-434.xml]
Apr 09, 2018 2:35:35 PM iam_services.Iam_services Error_logger
INFO: Processing file->38[C:\Users\user\Documents\DENNIS\allsamples\brand_20180328-160209-617.xml]
Apr 09, 2018 2:35:35 PM iam_services.Iam_services Error_logger
INFO: Processing file->39[C:\Users\user\Documents\DENNIS\allsamples\brand_20180328-160209-747.xml]
Apr 09, 2018 2:35:35 PM iam_services.Iam_services Error_logger
INFO: Processing file->40[C:\Users\user\Documents\DENNIS\allsamples\customer_20180107-132602-472.xml]
Apr 09, 2018 2:35:35 PM iam_services.Iam_services Error_logger
INFO: Processing file->41[C:\Users\user\Documents\DENNIS\allsamples\customer_20180208-091437-194.xml]
Apr 09, 2018 2:35:35 PM iam_services.Iam_services Error_logger
INFO: Processing file->42[C:\Users\user\Documents\DENNIS\allsamples\customer_20180320-104800-479.xml]
Apr 09, 2018 2:35:35 PM iam_services.Iam_services Error_logger
INFO: Processing file->43[C:\Users\user\Documents\DENNIS\allsamples\customer_20180328-160514-749.xml]
Apr 09, 2018 2:35:35 PM iam_services.Iam_services Error_logger
INFO: Processing file->44[C:\Users\user\Documents\DENNIS\allsamples\customer_20180328-160514-772.xml]
Apr 09, 2018 2:35:35 PM iam_services.Iam_services Error_logger
INFO: Processing file->45[C:\Users\user\Documents\DENNIS\allsamples\customer_20180328-160514-908.xml]
Apr 09, 2018 2:35:35 PM iam_services.Iam_services Error_logger
INFO: Processing file->46[C:\Users\user\Documents\DENNIS\allsamples\customer_20180328-160515-021.xml]
Apr 09, 2018 2:35:35 PM iam_services.Iam_services Error_logger
INFO: Processing file->47[C:\Users\user\Documents\DENNIS\allsamples\customer_20180328-160515-136.xml]
Apr 09, 2018 2:35:35 PM iam_services.Iam_services Error_logger
INFO: Processing file->48[C:\Users\user\Documents\DENNIS\allsamples\customer_20180328-160515-243.xml]
Apr 09, 2018 2:35:35 PM iam_services.Iam_services Error_logger
INFO: Processing file->49[C:\Users\user\Documents\DENNIS\allsamples\customer_20180328-160515-340.xml]
Apr 09, 2018 2:35:35 PM iam_services.Iam_services Error_logger
INFO: Processing file->50[C:\Users\user\Documents\DENNIS\allsamples\customer_20180328-160515-452.xml]
Apr 09, 2018 2:35:35 PM iam_services.Iam_services Error_logger
INFO: Processing file->51[C:\Users\user\Documents\DENNIS\allsamples\customer_20180328-160515-539.xml]
Apr 09, 2018 2:35:35 PM iam_services.Iam_services Error_logger
INFO: Processing file->52[C:\Users\user\Documents\DENNIS\allsamples\customer_20180328-160515-622.xml]
Apr 09, 2018 2:35:35 PM iam_services.Iam_services Error_logger
INFO: Processing file->53[C:\Users\user\Documents\DENNIS\allsamples\customer_20180328-160515-705.xml]
Apr 09, 2018 2:35:35 PM iam_services.Iam_services Error_logger
INFO: Processing file->54[C:\Users\user\Documents\DENNIS\allsamples\customer_20180328-160515-821.xml]
Apr 09, 2018 2:35:35 PM iam_services.Iam_services Error_logger
INFO: Processing file->55[C:\Users\user\Documents\DENNIS\allsamples\customer_20180328-160515-910.xml]
Apr 09, 2018 2:35:35 PM iam_services.Iam_services Error_logger
INFO: Processing file->56[C:\Users\user\Documents\DENNIS\allsamples\customer_20180328-160516-033.xml]
Apr 09, 2018 2:35:35 PM iam_services.Iam_services Error_logger
INFO: Processing file->57[C:\Users\user\Documents\DENNIS\allsamples\customer_20180328-160516-125.xml]
Apr 09, 2018 2:35:35 PM iam_services.Iam_services Error_logger
INFO: Processing file->58[C:\Users\user\Documents\DENNIS\allsamples\customer_20180328-160516-239.xml]
Apr 09, 2018 2:35:35 PM iam_services.Iam_services Error_logger
INFO: Processing file->59[C:\Users\user\Documents\DENNIS\allsamples\customer_20180328-160516-332.xml]
Apr 09, 2018 2:35:35 PM iam_services.Iam_services Error_logger
INFO: Processing file->60[C:\Users\user\Documents\DENNIS\allsamples\customer_20180328-160516-429.xml]
Apr 09, 2018 2:35:35 PM iam_services.Iam_services Error_logger
INFO: Processing file->61[C:\Users\user\Documents\DENNIS\allsamples\customer_20180328-160516-549.xml]
Apr 09, 2018 2:35:35 PM iam_services.Iam_services Error_logger
INFO: Processing file->62[C:\Users\user\Documents\DENNIS\allsamples\customer_20180328-160516-644.xml]
Apr 09, 2018 2:35:35 PM iam_services.Iam_services Error_logger
INFO: Processing file->63[C:\Users\user\Documents\DENNIS\allsamples\customer_20180328-160516-736.xml]
Apr 09, 2018 2:35:35 PM iam_services.Iam_services Error_logger
INFO: Processing file->64[C:\Users\user\Documents\DENNIS\allsamples\customer_20180328-160516-827.xml]
Apr 09, 2018 2:35:35 PM iam_services.Iam_services Error_logger
INFO: Processing file->65[C:\Users\user\Documents\DENNIS\allsamples\customer_20180328-160516-937.xml]
Apr 09, 2018 2:35:35 PM iam_services.Iam_services Error_logger
INFO: Processing file->66[C:\Users\user\Documents\DENNIS\allsamples\customer_20180328-160517-024.xml]
Apr 09, 2018 2:35:35 PM iam_services.Iam_services Error_logger
INFO: Processing file->67[C:\Users\user\Documents\DENNIS\allsamples\customer_20180328-160517-108.xml]
Apr 09, 2018 2:35:35 PM iam_services.Iam_services Error_logger
INFO: Processing file->68[C:\Users\user\Documents\DENNIS\allsamples\customer_20180328-160517-190.xml]
Apr 09, 2018 2:35:35 PM iam_services.Iam_services Error_logger
INFO: Processing file->69[C:\Users\user\Documents\DENNIS\allsamples\customer_20180328-160517-281.xml]
Apr 09, 2018 2:35:35 PM iam_services.Iam_services Error_logger
INFO: Processing file->70[C:\Users\user\Documents\DENNIS\allsamples\customer_20180328-160517-364.xml]
Apr 09, 2018 2:35:35 PM iam_services.Iam_services Error_logger
INFO: Processing file->71[C:\Users\user\Documents\DENNIS\allsamples\customer_20180328-160517-440.xml]
Apr 09, 2018 2:35:35 PM iam_services.Iam_services Error_logger
INFO: Processing file->72[C:\Users\user\Documents\DENNIS\allsamples\customer_20180328-160517-532.xml]
Apr 09, 2018 2:35:35 PM iam_services.Iam_services Error_logger
INFO: Processing file->73[C:\Users\user\Documents\DENNIS\allsamples\customer_20180328-160517-608.xml]
Apr 09, 2018 2:35:35 PM iam_services.Iam_services Error_logger
INFO: Processing file->74[C:\Users\user\Documents\DENNIS\allsamples\customer_20180328-160517-685.xml]
Apr 09, 2018 2:35:35 PM iam_services.Iam_services Error_logger
INFO: Processing file->75[C:\Users\user\Documents\DENNIS\allsamples\customer_20180328-160517-801.xml]
Apr 09, 2018 2:35:35 PM iam_services.Iam_services Error_logger
INFO: Processing file->76[C:\Users\user\Documents\DENNIS\allsamples\customer_20180328-160517-899.xml]
Apr 09, 2018 2:35:35 PM iam_services.Iam_services Error_logger
INFO: Processing file->77[C:\Users\user\Documents\DENNIS\allsamples\customer_20180328-160518-007.xml]
Apr 09, 2018 2:35:35 PM iam_services.Iam_services Error_logger
INFO: Processing file->78[C:\Users\user\Documents\DENNIS\allsamples\customer_20180328-160518-114.xml]
Apr 09, 2018 2:35:35 PM iam_services.Iam_services Error_logger
INFO: Processing file->79[C:\Users\user\Documents\DENNIS\allsamples\customer_20180328-160518-208.xml]
Apr 09, 2018 2:35:35 PM iam_services.Iam_services Error_logger
INFO: Processing file->80[C:\Users\user\Documents\DENNIS\allsamples\customer_20180328-160518-302.xml]
Apr 09, 2018 2:35:35 PM iam_services.Iam_services Error_logger
INFO: Processing file->81[C:\Users\user\Documents\DENNIS\allsamples\customer_20180328-160518-425.xml]
Apr 09, 2018 2:35:35 PM iam_services.Iam_services Error_logger
INFO: Processing file->82[C:\Users\user\Documents\DENNIS\allsamples\customer_20180328-160518-519.xml]
Apr 09, 2018 2:35:35 PM iam_services.Iam_services Error_logger
INFO: Processing file->83[C:\Users\user\Documents\DENNIS\allsamples\customer_20180328-160518-618.xml]
Apr 09, 2018 2:35:35 PM iam_services.Iam_services Error_logger
INFO: Processing file->84[C:\Users\user\Documents\DENNIS\allsamples\customer_20180328-160518-705.xml]
Apr 09, 2018 2:35:35 PM iam_services.Iam_services Error_logger
INFO: Processing file->85[C:\Users\user\Documents\DENNIS\allsamples\customer_20180328-160518-796.xml]
Apr 09, 2018 2:35:35 PM iam_services.Iam_services Error_logger
INFO: Processing file->86[C:\Users\user\Documents\DENNIS\allsamples\customer_20180328-160518-890.xml]
Apr 09, 2018 2:35:35 PM iam_services.Iam_services Error_logger
INFO: Processing file->87[C:\Users\user\Documents\DENNIS\allsamples\customer_20180328-160518-986.xml]
Apr 09, 2018 2:35:35 PM iam_services.Iam_services Error_logger
INFO: Processing file->88[C:\Users\user\Documents\DENNIS\allsamples\customer_20180328-160519-078.xml]
Apr 09, 2018 2:35:35 PM iam_services.Iam_services Error_logger
INFO: Processing file->89[C:\Users\user\Documents\DENNIS\allsamples\customer_20180328-160519-171.xml]
Apr 09, 2018 2:35:35 PM iam_services.Iam_services Error_logger
INFO: Processing file->90[C:\Users\user\Documents\DENNIS\allsamples\customer_20180328-160519-258.xml]
Apr 09, 2018 2:35:35 PM iam_services.Iam_services Error_logger
INFO: Processing file->91[C:\Users\user\Documents\DENNIS\allsamples\customer_20180328-160519-350.xml]
Apr 09, 2018 2:35:35 PM iam_services.Iam_services Error_logger
INFO: Processing file->92[C:\Users\user\Documents\DENNIS\allsamples\customer_20180328-160519-456.xml]
Apr 09, 2018 2:35:35 PM iam_services.Iam_services Error_logger
INFO: Processing file->93[C:\Users\user\Documents\DENNIS\allsamples\customer_20180328-160519-548.xml]
Apr 09, 2018 2:35:35 PM iam_services.Iam_services Error_logger
INFO: Processing file->94[C:\Users\user\Documents\DENNIS\allsamples\customer_20180328-160519-647.xml]
Apr 09, 2018 2:35:35 PM iam_services.Iam_services Error_logger
INFO: Processing file->95[C:\Users\user\Documents\DENNIS\allsamples\customer_20180328-160519-746.xml]
Apr 09, 2018 2:35:35 PM iam_services.Iam_services Error_logger
INFO: Processing file->96[C:\Users\user\Documents\DENNIS\allsamples\customer_20180328-160519-839.xml]
Apr 09, 2018 2:35:35 PM iam_services.Iam_services Error_logger
INFO: Processing file->97[C:\Users\user\Documents\DENNIS\allsamples\customer_20180328-160519-929.xml]
Apr 09, 2018 2:35:35 PM iam_services.Iam_services Error_logger
INFO: Processing file->98[C:\Users\user\Documents\DENNIS\allsamples\customer_20180328-160520-073.xml]
Apr 09, 2018 2:35:35 PM iam_services.Iam_services Error_logger
INFO: Processing file->99[C:\Users\user\Documents\DENNIS\allsamples\customer_20180328-160520-173.xml]
Apr 09, 2018 2:35:35 PM iam_services.Iam_services Error_logger
INFO: Processing file->100[C:\Users\user\Documents\DENNIS\allsamples\customer_20180328-160520-260.xml]
Apr 09, 2018 2:35:35 PM iam_services.Iam_services Error_logger
INFO: Processing file->101[C:\Users\user\Documents\DENNIS\allsamples\customer_20180328-160520-351.xml]
Apr 09, 2018 2:35:35 PM iam_services.Iam_services Error_logger
INFO: Processing file->102[C:\Users\user\Documents\DENNIS\allsamples\customer_20180328-160520-437.xml]
Apr 09, 2018 2:35:35 PM iam_services.Iam_services Error_logger
INFO: Processing file->103[C:\Users\user\Documents\DENNIS\allsamples\customer_20180328-160520-516.xml]
Apr 09, 2018 2:35:35 PM iam_services.Iam_services Error_logger
INFO: Processing file->104[C:\Users\user\Documents\DENNIS\allsamples\customer_20180328-160520-621.xml]
Apr 09, 2018 2:35:35 PM iam_services.Iam_services Error_logger
INFO: Processing file->105[C:\Users\user\Documents\DENNIS\allsamples\customer_20180328-160520-699.xml]
Apr 09, 2018 2:35:35 PM iam_services.Iam_services Error_logger
INFO: Processing file->106[C:\Users\user\Documents\DENNIS\allsamples\customer_20180328-160520-777.xml]
Apr 09, 2018 2:35:35 PM iam_services.Iam_services Error_logger
INFO: Processing file->107[C:\Users\user\Documents\DENNIS\allsamples\customer_20180328-160520-858.xml]
Apr 09, 2018 2:35:35 PM iam_services.Iam_services Error_logger
INFO: Processing file->108[C:\Users\user\Documents\DENNIS\allsamples\customer_20180328-160520-950.xml]
Apr 09, 2018 2:35:35 PM iam_services.Iam_services Error_logger
INFO: Processing file->109[C:\Users\user\Documents\DENNIS\allsamples\customer_20180328-160521-048.xml]
Apr 09, 2018 2:35:35 PM iam_services.Iam_services Error_logger
INFO: Processing file->110[C:\Users\user\Documents\DENNIS\allsamples\ean_20180208-144052-543.xml]
Apr 09, 2018 2:35:35 PM iam_services.Iam_services Error_logger
INFO: Processing file->111[C:\Users\user\Documents\DENNIS\allsamples\ean_20180320-103922-911.xml]
Apr 09, 2018 2:35:35 PM iam_services.Iam_services Error_logger
INFO: Processing file->112[C:\Users\user\Documents\DENNIS\allsamples\ean_20180328-155618-122.xml]
Apr 09, 2018 2:35:35 PM iam_services.Iam_services Error_logger
INFO: Processing file->113[C:\Users\user\Documents\DENNIS\allsamples\merc_20171213-154204-899.xml]
Apr 09, 2018 2:35:35 PM iam_services.Iam_services Error_logger
INFO: Processing file->114[C:\Users\user\Documents\DENNIS\allsamples\merc_20180320-104706-760.xml]
Apr 09, 2018 2:35:36 PM iam_services.Iam_services Error_logger
INFO: Processing file->115[C:\Users\user\Documents\DENNIS\allsamples\merc_20180320-104708-300.xml]
Apr 09, 2018 2:35:36 PM iam_services.Iam_services Error_logger
INFO: Processing file->116[C:\Users\user\Documents\DENNIS\allsamples\merc_20180320-104710-051.xml]
Apr 09, 2018 2:35:36 PM iam_services.Iam_services Error_logger
INFO: Processing file->117[C:\Users\user\Documents\DENNIS\allsamples\merc_20180320-104711-311.xml]
Apr 09, 2018 2:35:36 PM iam_services.Iam_services Error_logger
INFO: Processing file->118[C:\Users\user\Documents\DENNIS\allsamples\merc_20180328-155612-294.xml]
Apr 09, 2018 2:35:37 PM iam_services.Iam_services Error_logger
INFO: Processing file->119[C:\Users\user\Documents\DENNIS\allsamples\merc_20180328-155613-952.xml]
Apr 09, 2018 2:35:37 PM iam_services.Iam_services Error_logger
INFO: Processing file->120[C:\Users\user\Documents\DENNIS\allsamples\merc_20180328-155615-874.xml]
Apr 09, 2018 2:35:38 PM iam_services.Iam_services Error_logger
INFO: Processing file->121[C:\Users\user\Documents\DENNIS\allsamples\merc_20180328-155617-133.xml]
Apr 09, 2018 2:35:38 PM iam_services.Iam_services Error_logger
INFO: Processing file->122[C:\Users\user\Documents\DENNIS\allsamples\pi_artmas_20180212-164308-835_SAPOUT_SM.xml]
Apr 09, 2018 2:35:38 PM iam_services.Iam_services Error_logger
INFO: Processing file->123[C:\Users\user\Documents\DENNIS\allsamples\price_artuom_20180213-113731-908.xml]
Apr 09, 2018 2:35:38 PM iam_services.Iam_services Error_logger
INFO: Processing file->124[C:\Users\user\Documents\DENNIS\allsamples\price_artuom_20180320-110856-680.xml]
Apr 09, 2018 2:35:38 PM iam_services.Iam_services Error_logger
INFO: Processing file->125[C:\Users\user\Documents\DENNIS\allsamples\price_artuom_20180328-155912-836.xml]
Apr 09, 2018 2:35:38 PM iam_services.Iam_services Error_logger
INFO: Processing file->126[C:\Users\user\Documents\DENNIS\allsamples\price_artuom_20180328-155912-864.xml]
Apr 09, 2018 2:35:38 PM iam_services.Iam_services Error_logger
INFO: Processing file->127[C:\Users\user\Documents\DENNIS\allsamples\price_artuom_20180328-155912-977.xml]
Apr 09, 2018 2:35:38 PM iam_services.Iam_services Error_logger
INFO: Processing file->128[C:\Users\user\Documents\DENNIS\allsamples\price_artuom_20180328-155913-107.xml]
Apr 09, 2018 2:35:38 PM iam_services.Iam_services Error_logger
INFO: Processing file->129[C:\Users\user\Documents\DENNIS\allsamples\price_artuom_20180328-155913-215.xml]
Apr 09, 2018 2:35:38 PM iam_services.Iam_services Error_logger
INFO: Processing file->130[C:\Users\user\Documents\DENNIS\allsamples\price_artuom_20180328-155913-303.xml]
Apr 09, 2018 2:35:38 PM iam_services.Iam_services Error_logger
INFO: Processing file->131[C:\Users\user\Documents\DENNIS\allsamples\price_artuom_20180328-155913-402.xml]
Apr 09, 2018 2:35:38 PM iam_services.Iam_services Error_logger
INFO: Processing file->132[C:\Users\user\Documents\DENNIS\allsamples\price_artuom_20180328-155913-583.xml]
Apr 09, 2018 2:35:38 PM iam_services.Iam_services Error_logger
INFO: Processing file->133[C:\Users\user\Documents\DENNIS\allsamples\price_artuom_20180328-155913-688.xml]
Apr 09, 2018 2:35:38 PM iam_services.Iam_services Error_logger
INFO: Processing file->134[C:\Users\user\Documents\DENNIS\allsamples\price_artuom_20180328-155913-923.xml]
Apr 09, 2018 2:35:38 PM iam_services.Iam_services Error_logger
INFO: Processing file->135[C:\Users\user\Documents\DENNIS\allsamples\price_artuom_20180328-155914-020.xml]
Apr 09, 2018 2:35:38 PM iam_services.Iam_services Error_logger
INFO: Processing file->136[C:\Users\user\Documents\DENNIS\allsamples\price_artuom_20180328-155914-145.xml]
Apr 09, 2018 2:35:38 PM iam_services.Iam_services Error_logger
INFO: Processing file->137[C:\Users\user\Documents\DENNIS\allsamples\price_artuom_20180328-155914-228.xml]
Apr 09, 2018 2:35:38 PM iam_services.Iam_services Error_logger
INFO: Processing file->138[C:\Users\user\Documents\DENNIS\allsamples\price_artuom_20180328-155914-362.xml]
Apr 09, 2018 2:35:38 PM iam_services.Iam_services Error_logger
INFO: Processing file->139[C:\Users\user\Documents\DENNIS\allsamples\price_artuom_20180328-155914-464.xml]
Apr 09, 2018 2:35:38 PM iam_services.Iam_services Error_logger
INFO: Processing file->140[C:\Users\user\Documents\DENNIS\allsamples\price_artuom_20180328-155914-571.xml]
Apr 09, 2018 2:35:38 PM iam_services.Iam_services Error_logger
INFO: Processing file->141[C:\Users\user\Documents\DENNIS\allsamples\price_artuom_20180328-155914-671.xml]
Apr 09, 2018 2:35:38 PM iam_services.Iam_services Error_logger
INFO: Processing file->142[C:\Users\user\Documents\DENNIS\allsamples\price_artuom_20180328-155914-781.xml]
Apr 09, 2018 2:35:38 PM iam_services.Iam_services Error_logger
INFO: Processing file->143[C:\Users\user\Documents\DENNIS\allsamples\price_artuom_20180328-155914-889.xml]
Apr 09, 2018 2:35:38 PM iam_services.Iam_services Error_logger
INFO: Processing file->144[C:\Users\user\Documents\DENNIS\allsamples\price_artuom_20180328-155915-004.xml]
Apr 09, 2018 2:35:38 PM iam_services.Iam_services Error_logger
INFO: Processing file->145[C:\Users\user\Documents\DENNIS\allsamples\price_artuom_20180328-155915-114.xml]
Apr 09, 2018 2:35:38 PM iam_services.Iam_services Error_logger
INFO: Processing file->146[C:\Users\user\Documents\DENNIS\allsamples\price_artuom_20180328-155915-219.xml]
Apr 09, 2018 2:35:38 PM iam_services.Iam_services Error_logger
INFO: Processing file->147[C:\Users\user\Documents\DENNIS\allsamples\price_artuom_20180328-155915-327.xml]
Apr 09, 2018 2:35:38 PM iam_services.Iam_services Error_logger
INFO: Processing file->148[C:\Users\user\Documents\DENNIS\allsamples\price_artuom_20180328-155915-420.xml]
Apr 09, 2018 2:35:38 PM iam_services.Iam_services Error_logger
INFO: Processing file->149[C:\Users\user\Documents\DENNIS\allsamples\price_artuom_20180328-155915-533.xml]
Apr 09, 2018 2:35:38 PM iam_services.Iam_services Error_logger
INFO: Processing file->150[C:\Users\user\Documents\DENNIS\allsamples\price_artuom_20180328-155915-637.xml]
Apr 09, 2018 2:35:38 PM iam_services.Iam_services Error_logger
INFO: Processing file->151[C:\Users\user\Documents\DENNIS\allsamples\price_artuom_20180328-155915-721.xml]
Apr 09, 2018 2:35:38 PM iam_services.Iam_services Error_logger
INFO: Processing file->152[C:\Users\user\Documents\DENNIS\allsamples\price_artuom_20180328-155915-831.xml]
Apr 09, 2018 2:35:38 PM iam_services.Iam_services Error_logger
INFO: Processing file->153[C:\Users\user\Documents\DENNIS\allsamples\price_artuom_20180328-155915-992.xml]
Apr 09, 2018 2:35:38 PM iam_services.Iam_services Error_logger
INFO: Processing file->154[C:\Users\user\Documents\DENNIS\allsamples\price_artuom_20180328-155916-065.xml]
Apr 09, 2018 2:35:38 PM iam_services.Iam_services Error_logger
INFO: Processing file->155[C:\Users\user\Documents\DENNIS\allsamples\price_artuom_20180328-155916-161.xml]
Apr 09, 2018 2:35:38 PM iam_services.Iam_services Error_logger
INFO: Processing file->156[C:\Users\user\Documents\DENNIS\allsamples\price_artuom_20180328-155916-254.xml]
Apr 09, 2018 2:35:38 PM iam_services.Iam_services Error_logger
INFO: Processing file->157[C:\Users\user\Documents\DENNIS\allsamples\price_artuom_20180328-155916-348.xml]
Apr 09, 2018 2:35:38 PM iam_services.Iam_services Error_logger
INFO: Processing file->158[C:\Users\user\Documents\DENNIS\allsamples\price_artuom_20180328-155916-440.xml]
Apr 09, 2018 2:35:38 PM iam_services.Iam_services Error_logger
INFO: Processing file->159[C:\Users\user\Documents\DENNIS\allsamples\price_artuom_20180328-155916-556.xml]
Apr 09, 2018 2:35:38 PM iam_services.Iam_services Error_logger
INFO: Processing file->160[C:\Users\user\Documents\DENNIS\allsamples\price_artuom_20180328-155916-638.xml]
Apr 09, 2018 2:35:38 PM iam_services.Iam_services Error_logger
INFO: Processing file->161[C:\Users\user\Documents\DENNIS\allsamples\price_artuom_20180328-155916-731.xml]
Apr 09, 2018 2:35:38 PM iam_services.Iam_services Error_logger
INFO: Processing file->162[C:\Users\user\Documents\DENNIS\allsamples\price_artuom_20180328-155916-841.xml]
Apr 09, 2018 2:35:38 PM iam_services.Iam_services Error_logger
INFO: Processing file->163[C:\Users\user\Documents\DENNIS\allsamples\price_artuom_20180328-155916-986.xml]
Apr 09, 2018 2:35:38 PM iam_services.Iam_services Error_logger
INFO: Processing file->164[C:\Users\user\Documents\DENNIS\allsamples\price_artuom_20180328-155917-137.xml]
Apr 09, 2018 2:35:38 PM iam_services.Iam_services Error_logger
INFO: Processing file->165[C:\Users\user\Documents\DENNIS\allsamples\price_artuom_20180328-155917-409.xml]
Apr 09, 2018 2:35:38 PM iam_services.Iam_services Error_logger
INFO: Processing file->166[C:\Users\user\Documents\DENNIS\allsamples\price_artuom_20180328-155917-475.xml]
Apr 09, 2018 2:35:38 PM iam_services.Iam_services Error_logger
INFO: Processing file->167[C:\Users\user\Documents\DENNIS\allsamples\price_artuom_20180328-155917-610.xml]
Apr 09, 2018 2:35:38 PM iam_services.Iam_services Error_logger
INFO: Processing file->168[C:\Users\user\Documents\DENNIS\allsamples\price_artuom_20180328-155917-710.xml]
Apr 09, 2018 2:35:38 PM iam_services.Iam_services Error_logger
INFO: Processing file->169[C:\Users\user\Documents\DENNIS\allsamples\price_artuom_20180328-155917-802.xml]
Apr 09, 2018 2:35:38 PM iam_services.Iam_services Error_logger
INFO: Processing file->170[C:\Users\user\Documents\DENNIS\allsamples\price_artuom_20180328-155917-957.xml]
Apr 09, 2018 2:35:38 PM iam_services.Iam_services Error_logger
INFO: Processing file->171[C:\Users\user\Documents\DENNIS\allsamples\price_artuom_20180328-155918-002.xml]
Apr 09, 2018 2:35:38 PM iam_services.Iam_services Error_logger
INFO: Processing file->172[C:\Users\user\Documents\DENNIS\allsamples\price_artuom_20180328-155918-089.xml]
Apr 09, 2018 2:35:38 PM iam_services.Iam_services Error_logger
INFO: Processing file->173[C:\Users\user\Documents\DENNIS\allsamples\price_artuom_20180328-155918-244.xml]
Apr 09, 2018 2:35:38 PM iam_services.Iam_services Error_logger
INFO: Processing file->174[C:\Users\user\Documents\DENNIS\allsamples\price_artuom_20180328-155918-284.xml]
Apr 09, 2018 2:35:38 PM iam_services.Iam_services Error_logger
INFO: Processing file->175[C:\Users\user\Documents\DENNIS\allsamples\price_artuom_20180328-155918-454.xml]
Apr 09, 2018 2:35:38 PM iam_services.Iam_services Error_logger
INFO: Processing file->176[C:\Users\user\Documents\DENNIS\allsamples\price_artuom_20180328-155918-538.xml]
Apr 09, 2018 2:35:38 PM iam_services.Iam_services Error_logger
INFO: Processing file->177[C:\Users\user\Documents\DENNIS\allsamples\price_artuom_20180328-155918-632.xml]
Apr 09, 2018 2:35:38 PM iam_services.Iam_services Error_logger
INFO: Processing file->178[C:\Users\user\Documents\DENNIS\allsamples\price_artuom_20180328-155918-730.xml]
Apr 09, 2018 2:35:38 PM iam_services.Iam_services Error_logger
INFO: Processing file->179[C:\Users\user\Documents\DENNIS\allsamples\price_artuom_20180328-155918-896.xml]
Apr 09, 2018 2:35:38 PM iam_services.Iam_services Error_logger
INFO: Processing file->180[C:\Users\user\Documents\DENNIS\allsamples\price_artuom_20180328-155918-966.xml]
Apr 09, 2018 2:35:38 PM iam_services.Iam_services Error_logger
INFO: Processing file->181[C:\Users\user\Documents\DENNIS\allsamples\price_artuom_20180328-155919-062.xml]
Apr 09, 2018 2:35:38 PM iam_services.Iam_services Error_logger
INFO: Processing file->182[C:\Users\user\Documents\DENNIS\allsamples\price_artuom_20180328-155919-192.xml]
Apr 09, 2018 2:35:38 PM iam_services.Iam_services Error_logger
INFO: Processing file->183[C:\Users\user\Documents\DENNIS\allsamples\price_artuom_20180328-155919-352.xml]
Apr 09, 2018 2:35:38 PM iam_services.Iam_services Error_logger
INFO: Processing file->184[C:\Users\user\Documents\DENNIS\allsamples\price_artuom_20180328-155919-477.xml]
Apr 09, 2018 2:35:38 PM iam_services.Iam_services Error_logger
INFO: Processing file->185[C:\Users\user\Documents\DENNIS\allsamples\price_artuom_20180328-155919-585.xml]
Apr 09, 2018 2:35:38 PM iam_services.Iam_services Error_logger
INFO: Processing file->186[C:\Users\user\Documents\DENNIS\allsamples\price_artuom_20180328-155919-686.xml]
Apr 09, 2018 2:35:38 PM iam_services.Iam_services Error_logger
INFO: Processing file->187[C:\Users\user\Documents\DENNIS\allsamples\price_artuom_20180328-155919-801.xml]
Apr 09, 2018 2:35:38 PM iam_services.Iam_services Error_logger
INFO: Processing file->188[C:\Users\user\Documents\DENNIS\allsamples\price_artuom_20180328-155919-898.xml]
Apr 09, 2018 2:35:38 PM iam_services.Iam_services Error_logger
INFO: Processing file->189[C:\Users\user\Documents\DENNIS\allsamples\price_artuom_20180328-155920-003.xml]
Apr 09, 2018 2:35:38 PM iam_services.Iam_services Error_logger
INFO: Processing file->190[C:\Users\user\Documents\DENNIS\allsamples\price_artuom_20180328-155920-086.xml]
Apr 09, 2018 2:35:38 PM iam_services.Iam_services Error_logger
INFO: Processing file->191[C:\Users\user\Documents\DENNIS\allsamples\price_artuom_20180328-155920-186.xml]
Apr 09, 2018 2:35:38 PM iam_services.Iam_services Error_logger
INFO: Processing file->192[C:\Users\user\Documents\DENNIS\allsamples\price_artuom_20180328-155920-338.xml]
Apr 09, 2018 2:35:38 PM iam_services.Iam_services Error_logger
INFO: Processing file->193[C:\Users\user\Documents\DENNIS\allsamples\price_artuom_20180328-155920-437.xml]
Apr 09, 2018 2:35:38 PM iam_services.Iam_services Error_logger
INFO: Processing file->194[C:\Users\user\Documents\DENNIS\allsamples\price_artuom_20180328-155920-536.xml]
Apr 09, 2018 2:35:38 PM iam_services.Iam_services Error_logger
INFO: Processing file->195[C:\Users\user\Documents\DENNIS\allsamples\price_artuom_20180328-155920-729.xml]
Apr 09, 2018 2:35:38 PM iam_services.Iam_services Error_logger
INFO: Processing file->196[C:\Users\user\Documents\DENNIS\allsamples\price_artuom_20180328-155920-779.xml]
Apr 09, 2018 2:35:38 PM iam_services.Iam_services Error_logger
INFO: Processing file->197[C:\Users\user\Documents\DENNIS\allsamples\price_artuom_20180328-155920-864.xml]
Apr 09, 2018 2:35:38 PM iam_services.Iam_services Error_logger
INFO: Processing file->198[C:\Users\user\Documents\DENNIS\allsamples\price_artuom_20180328-155920-967.xml]
Apr 09, 2018 2:35:38 PM iam_services.Iam_services Error_logger
INFO: Processing file->199[C:\Users\user\Documents\DENNIS\allsamples\price_artuom_20180328-155921-153.xml]
Apr 09, 2018 2:35:38 PM iam_services.Iam_services Error_logger
INFO: Processing file->200[C:\Users\user\Documents\DENNIS\allsamples\price_artuom_20180328-155921-307.xml]
Apr 09, 2018 2:35:38 PM iam_services.Iam_services Error_logger
INFO: Processing file->201[C:\Users\user\Documents\DENNIS\allsamples\price_artuom_20180328-155921-397.xml]
Apr 09, 2018 2:35:38 PM iam_services.Iam_services Error_logger
INFO: Processing file->202[C:\Users\user\Documents\DENNIS\allsamples\price_ean_20180213-114310-335.xml]
Apr 09, 2018 2:35:38 PM iam_services.Iam_services Error_logger
INFO: Query->UPDATE CNB_IAM_IN_E1WPG01 SET READ_FLG = 1 OUTPUT inserted.* WHERE  (READ_FLG = 0 OR READ_FLG IS NULL) AND CONVERT(DATE, [DATE_STAMP]) = CONVERT(DATE, CURRENT_TIMESTAMP) ;
Apr 09, 2018 2:35:38 PM iam_services.Iam_services Error_logger
INFO: Empty records
Apr 09, 2018 2:35:38 PM iam_services.Iam_services Error_logger
INFO: Query->UPDATE CNB_IAM_IN_E1WPU01 SET READ_FLG = 1 OUTPUT inserted.* WHERE  (READ_FLG = 0 OR READ_FLG IS NULL) AND CONVERT(DATE, [DATE_STAMP]) = CONVERT(DATE, CURRENT_TIMESTAMP) ;
Apr 09, 2018 2:35:39 PM iam_services.Iam_services Error_logger
INFO: Empty records
Apr 09, 2018 2:35:39 PM iam_services.Iam_services Error_logger
INFO: Query->UPDATE CNB_IAM_IN_E1WPU01_summary SET READ_FLG = 1 OUTPUT inserted.* WHERE  (READ_FLG = 0 OR READ_FLG IS NULL) AND CONVERT(DATE, [DATE_STAMP]) = CONVERT(DATE, CURRENT_TIMESTAMP) ;
Apr 09, 2018 2:35:39 PM iam_services.Iam_services Error_logger
INFO: Empty records
Apr 09, 2018 2:35:39 PM iam_services.Iam_services Error_logger
INFO: Query->UPDATE CNB_IAM_IN_Record SET READ_FLG = 1 OUTPUT inserted.* WHERE  (READ_FLG = 0 OR READ_FLG IS NULL) AND CONVERT(DATE, [DATE_STAMP]) = CONVERT(DATE, CURRENT_TIMESTAMP) ;
Apr 09, 2018 2:35:39 PM iam_services.Iam_services Error_logger
INFO: Empty records
Apr 09, 2018 2:45:39 PM iam_services.Iam_services Error_logger
INFO: Sytem system alive
Apr 09, 2018 2:45:39 PM iam_services.Iam_services Error_logger
INFO: 0 new Files found
Apr 09, 2018 2:45:39 PM iam_services.Iam_services Error_logger
INFO: Query->UPDATE CNB_IAM_IN_E1WPG01 SET READ_FLG = 1 OUTPUT inserted.* WHERE  (READ_FLG = 0 OR READ_FLG IS NULL) AND CONVERT(DATE, [DATE_STAMP]) = CONVERT(DATE, CURRENT_TIMESTAMP) ;
Apr 09, 2018 2:45:39 PM iam_services.Iam_services Error_logger
INFO: Empty records
Apr 09, 2018 2:45:39 PM iam_services.Iam_services Error_logger
INFO: Query->UPDATE CNB_IAM_IN_E1WPU01 SET READ_FLG = 1 OUTPUT inserted.* WHERE  (READ_FLG = 0 OR READ_FLG IS NULL) AND CONVERT(DATE, [DATE_STAMP]) = CONVERT(DATE, CURRENT_TIMESTAMP) ;
Apr 09, 2018 2:45:39 PM iam_services.Iam_services Error_logger
INFO: Empty records
Apr 09, 2018 2:45:39 PM iam_services.Iam_services Error_logger
INFO: Query->UPDATE CNB_IAM_IN_E1WPU01_summary SET READ_FLG = 1 OUTPUT inserted.* WHERE  (READ_FLG = 0 OR READ_FLG IS NULL) AND CONVERT(DATE, [DATE_STAMP]) = CONVERT(DATE, CURRENT_TIMESTAMP) ;
Apr 09, 2018 2:45:39 PM iam_services.Iam_services Error_logger
INFO: Empty records
Apr 09, 2018 2:45:39 PM iam_services.Iam_services Error_logger
INFO: Query->UPDATE CNB_IAM_IN_Record SET READ_FLG = 1 OUTPUT inserted.* WHERE  (READ_FLG = 0 OR READ_FLG IS NULL) AND CONVERT(DATE, [DATE_STAMP]) = CONVERT(DATE, CURRENT_TIMESTAMP) ;
Apr 09, 2018 2:45:39 PM iam_services.Iam_services Error_logger
INFO: Empty records
Apr 09, 2018 2:55:39 PM iam_services.Iam_services Error_logger
INFO: Sytem system alive
Apr 09, 2018 2:55:39 PM iam_services.Iam_services Error_logger
INFO: 0 new Files found
Apr 09, 2018 2:55:39 PM iam_services.Iam_services Error_logger
INFO: Query->UPDATE CNB_IAM_IN_E1WPG01 SET READ_FLG = 1 OUTPUT inserted.* WHERE  (READ_FLG = 0 OR READ_FLG IS NULL) AND CONVERT(DATE, [DATE_STAMP]) = CONVERT(DATE, CURRENT_TIMESTAMP) ;
Apr 09, 2018 2:55:39 PM iam_services.Iam_services Error_logger
INFO: Empty records
Apr 09, 2018 2:55:39 PM iam_services.Iam_services Error_logger
INFO: Query->UPDATE CNB_IAM_IN_E1WPU01 SET READ_FLG = 1 OUTPUT inserted.* WHERE  (READ_FLG = 0 OR READ_FLG IS NULL) AND CONVERT(DATE, [DATE_STAMP]) = CONVERT(DATE, CURRENT_TIMESTAMP) ;
Apr 09, 2018 2:55:39 PM iam_services.Iam_services Error_logger
INFO: Empty records
Apr 09, 2018 2:55:39 PM iam_services.Iam_services Error_logger
INFO: Query->UPDATE CNB_IAM_IN_E1WPU01_summary SET READ_FLG = 1 OUTPUT inserted.* WHERE  (READ_FLG = 0 OR READ_FLG IS NULL) AND CONVERT(DATE, [DATE_STAMP]) = CONVERT(DATE, CURRENT_TIMESTAMP) ;
Apr 09, 2018 2:55:39 PM iam_services.Iam_services Error_logger
INFO: Empty records
Apr 09, 2018 2:55:39 PM iam_services.Iam_services Error_logger
INFO: Query->UPDATE CNB_IAM_IN_Record SET READ_FLG = 1 OUTPUT inserted.* WHERE  (READ_FLG = 0 OR READ_FLG IS NULL) AND CONVERT(DATE, [DATE_STAMP]) = CONVERT(DATE, CURRENT_TIMESTAMP) ;
Apr 09, 2018 2:55:39 PM iam_services.Iam_services Error_logger
INFO: Empty records
Apr 09, 2018 3:05:39 PM iam_services.Iam_services Error_logger
INFO: Sytem system alive
Apr 09, 2018 3:05:39 PM iam_services.Iam_services Error_logger
INFO: 0 new Files found
Apr 09, 2018 3:05:39 PM iam_services.Iam_services Error_logger
INFO: Query->UPDATE CNB_IAM_IN_E1WPG01 SET READ_FLG = 1 OUTPUT inserted.* WHERE  (READ_FLG = 0 OR READ_FLG IS NULL) AND CONVERT(DATE, [DATE_STAMP]) = CONVERT(DATE, CURRENT_TIMESTAMP) ;
Apr 09, 2018 3:05:39 PM iam_services.Iam_services Error_logger
INFO: Empty records
Apr 09, 2018 3:05:39 PM iam_services.Iam_services Error_logger
INFO: Query->UPDATE CNB_IAM_IN_E1WPU01 SET READ_FLG = 1 OUTPUT inserted.* WHERE  (READ_FLG = 0 OR READ_FLG IS NULL) AND CONVERT(DATE, [DATE_STAMP]) = CONVERT(DATE, CURRENT_TIMESTAMP) ;
Apr 09, 2018 3:05:39 PM iam_services.Iam_services Error_logger
INFO: Empty records
Apr 09, 2018 3:05:39 PM iam_services.Iam_services Error_logger
INFO: Query->UPDATE CNB_IAM_IN_E1WPU01_summary SET READ_FLG = 1 OUTPUT inserted.* WHERE  (READ_FLG = 0 OR READ_FLG IS NULL) AND CONVERT(DATE, [DATE_STAMP]) = CONVERT(DATE, CURRENT_TIMESTAMP) ;
Apr 09, 2018 3:05:39 PM iam_services.Iam_services Error_logger
INFO: Empty records
Apr 09, 2018 3:05:39 PM iam_services.Iam_services Error_logger
INFO: Query->UPDATE CNB_IAM_IN_Record SET READ_FLG = 1 OUTPUT inserted.* WHERE  (READ_FLG = 0 OR READ_FLG IS NULL) AND CONVERT(DATE, [DATE_STAMP]) = CONVERT(DATE, CURRENT_TIMESTAMP) ;
Apr 09, 2018 3:05:39 PM iam_services.Iam_services Error_logger
INFO: Empty records
Apr 09, 2018 3:15:39 PM iam_services.Iam_services Error_logger
INFO: Sytem system alive
Apr 09, 2018 3:15:39 PM iam_services.Iam_services Error_logger
INFO: 0 new Files found
Apr 09, 2018 3:15:39 PM iam_services.Iam_services Error_logger
INFO: Query->UPDATE CNB_IAM_IN_E1WPG01 SET READ_FLG = 1 OUTPUT inserted.* WHERE  (READ_FLG = 0 OR READ_FLG IS NULL) AND CONVERT(DATE, [DATE_STAMP]) = CONVERT(DATE, CURRENT_TIMESTAMP) ;
Apr 09, 2018 3:15:39 PM iam_services.Iam_services Error_logger
INFO: Empty records
Apr 09, 2018 3:15:39 PM iam_services.Iam_services Error_logger
INFO: Query->UPDATE CNB_IAM_IN_E1WPU01 SET READ_FLG = 1 OUTPUT inserted.* WHERE  (READ_FLG = 0 OR READ_FLG IS NULL) AND CONVERT(DATE, [DATE_STAMP]) = CONVERT(DATE, CURRENT_TIMESTAMP) ;
Apr 09, 2018 3:15:39 PM iam_services.Iam_services Error_logger
INFO: Empty records
Apr 09, 2018 3:15:39 PM iam_services.Iam_services Error_logger
INFO: Query->UPDATE CNB_IAM_IN_E1WPU01_summary SET READ_FLG = 1 OUTPUT inserted.* WHERE  (READ_FLG = 0 OR READ_FLG IS NULL) AND CONVERT(DATE, [DATE_STAMP]) = CONVERT(DATE, CURRENT_TIMESTAMP) ;
Apr 09, 2018 3:15:39 PM iam_services.Iam_services Error_logger
INFO: Empty records
Apr 09, 2018 3:15:39 PM iam_services.Iam_services Error_logger
INFO: Query->UPDATE CNB_IAM_IN_Record SET READ_FLG = 1 OUTPUT inserted.* WHERE  (READ_FLG = 0 OR READ_FLG IS NULL) AND CONVERT(DATE, [DATE_STAMP]) = CONVERT(DATE, CURRENT_TIMESTAMP) ;
Apr 09, 2018 3:15:39 PM iam_services.Iam_services Error_logger
INFO: Empty records
Apr 09, 2018 3:25:39 PM iam_services.Iam_services Error_logger
INFO: Sytem system alive
Apr 09, 2018 3:25:39 PM iam_services.Iam_services Error_logger
INFO: 0 new Files found
Apr 09, 2018 3:25:39 PM iam_services.Iam_services Error_logger
INFO: Query->UPDATE CNB_IAM_IN_E1WPG01 SET READ_FLG = 1 OUTPUT inserted.* WHERE  (READ_FLG = 0 OR READ_FLG IS NULL) AND CONVERT(DATE, [DATE_STAMP]) = CONVERT(DATE, CURRENT_TIMESTAMP) ;
Apr 09, 2018 3:25:39 PM iam_services.Iam_services Error_logger
INFO: Empty records
Apr 09, 2018 3:25:39 PM iam_services.Iam_services Error_logger
INFO: Query->UPDATE CNB_IAM_IN_E1WPU01 SET READ_FLG = 1 OUTPUT inserted.* WHERE  (READ_FLG = 0 OR READ_FLG IS NULL) AND CONVERT(DATE, [DATE_STAMP]) = CONVERT(DATE, CURRENT_TIMESTAMP) ;
Apr 09, 2018 3:25:39 PM iam_services.Iam_services Error_logger
INFO: Empty records
Apr 09, 2018 3:25:39 PM iam_services.Iam_services Error_logger
INFO: Query->UPDATE CNB_IAM_IN_E1WPU01_summary SET READ_FLG = 1 OUTPUT inserted.* WHERE  (READ_FLG = 0 OR READ_FLG IS NULL) AND CONVERT(DATE, [DATE_STAMP]) = CONVERT(DATE, CURRENT_TIMESTAMP) ;
Apr 09, 2018 3:25:39 PM iam_services.Iam_services Error_logger
INFO: Empty records
Apr 09, 2018 3:25:39 PM iam_services.Iam_services Error_logger
INFO: Query->UPDATE CNB_IAM_IN_Record SET READ_FLG = 1 OUTPUT inserted.* WHERE  (READ_FLG = 0 OR READ_FLG IS NULL) AND CONVERT(DATE, [DATE_STAMP]) = CONVERT(DATE, CURRENT_TIMESTAMP) ;
Apr 09, 2018 3:25:39 PM iam_services.Iam_services Error_logger
INFO: Empty records
