May 29, 2018 9:56:02 AM iam_services.Iam_services Error_logger
INFO: 
============================
Service Started
============================


May 29, 2018 9:56:02 AM iam_services.Iam_services Error_logger
INFO: 7 new Files found
May 29, 2018 9:56:03 AM iam_services.Iam_services Error_logger
INFO: Connection succeeded, hurray!
May 29, 2018 9:56:03 AM iam_services.Iam_services Error_logger
INFO: Processing file->1[C:\Users\user\Documents\DENNIS\allsamples\artmas_20180523-155109-075.xml]
May 29, 2018 9:56:09 AM iam_services.Iam_services Error_logger
INFO: Processing file->2[C:\Users\user\Documents\DENNIS\allsamples\artmas_20180528-155106-695.xml]
May 29, 2018 9:56:12 AM iam_services.Iam_services Error_logger
INFO: Processing file->3[C:\Users\user\Documents\DENNIS\allsamples\artmas_20180528-155107-825.xml]
May 29, 2018 9:56:13 AM iam_services.Iam_services Error_logger
INFO: Processing file->4[C:\Users\user\Documents\DENNIS\allsamples\artmas_20180528-155109-075.xml]
May 29, 2018 9:56:13 AM iam_services.Iam_services Error_logger
INFO: Processing file->5[C:\Users\user\Documents\DENNIS\allsamples\artmas_20180528-155110-305.xml]
May 29, 2018 9:56:14 AM iam_services.Iam_services Error_logger
INFO: Processing file->6[C:\Users\user\Documents\DENNIS\allsamples\artmas_20180528-155111-456.xml]
May 29, 2018 9:56:14 AM iam_services.Iam_services Error_logger
INFO: Processing file->7[C:\Users\user\Documents\DENNIS\allsamples\artmas_test23.xml]
May 29, 2018 9:56:15 AM iam_services.Iam_services Error_logger
INFO: Query->UPDATE CNB_IAM_IN_Record SET READ_FLG = 1 OUTPUT inserted.* WHERE  (READ_FLG = 0 OR READ_FLG IS NULL) AND CONVERT(DATE, [DATE_STAMP]) = CONVERT(DATE, CURRENT_TIMESTAMP) ;
May 29, 2018 9:56:16 AM iam_services.Iam_services Error_logger
INFO: Empty records
May 29, 2018 9:56:16 AM iam_services.Iam_services Error_logger
INFO: 
***********************************************
#######Service Ended#############
***********************************************






May 29, 2018 10:06:16 AM iam_services.Iam_services Error_logger
INFO: Sytem system alive
May 29, 2018 10:06:16 AM iam_services.Iam_services Error_logger
INFO: 
============================
Service Started
============================


May 29, 2018 10:06:16 AM iam_services.Iam_services Error_logger
INFO: 0 new Files found
May 29, 2018 10:06:16 AM iam_services.Iam_services Error_logger
INFO: Query->UPDATE CNB_IAM_IN_Record SET READ_FLG = 1 OUTPUT inserted.* WHERE  (READ_FLG = 0 OR READ_FLG IS NULL) AND CONVERT(DATE, [DATE_STAMP]) = CONVERT(DATE, CURRENT_TIMESTAMP) ;
May 29, 2018 10:06:16 AM iam_services.Iam_services Error_logger
INFO: Empty records
May 29, 2018 10:06:16 AM iam_services.Iam_services Error_logger
INFO: 
***********************************************
#######Service Ended#############
***********************************************






